stty: 'standard input': Inappropriate ioctl for device
 0:08.32 C:\mozilla-build\msys2\mingw64\bin\mingw32-make.EXE -C . -j8 -s -w package
 0:08.60 mingw32-make.EXE: Entering directory 'C:/Windows_software/bluegriffon/gecko-dev/opt64'
 0:09.77 mingw32-make.EXE[1]: Entering directory 'C:/Windows_software/bluegriffon/gecko-dev/opt64/bluegriffon/installer'
 0:10.12 mingw32-make.EXE[2]: Entering directory 'C:/Windows_software/bluegriffon/gecko-dev/opt64/bluegriffon/installer'
 0:10.18 mingw32-make.EXE[3]: Entering directory 'C:/Windows_software/bluegriffon/gecko-dev/opt64/bluegriffon/installer'
 0:52.47 Executing C:/Windows_software/bluegriffon/gecko-dev/opt64/dist\bin\shlibsign.exe -v -o ..\..\dist\bluegriffon\softokn3.chk -i ../../dist/bluegriffon\softokn3.dll
 0:52.47 Executing C:/Windows_software/bluegriffon/gecko-dev/opt64/dist\bin\shlibsign.exe -v -o ..\..\dist\bluegriffon\freebl3.chk -i ../../dist/bluegriffon\freebl3.dll
 0:53.37 Library File: ../../dist/bluegriffon\freebl3.dll 448512 bytes
 0:53.38 Check File: ..\..\dist\bluegriffon\freebl3.chk
 0:53.38   hash: 32 bytes
 0:53.38     dc bf fc 27 73 ec 4a 30 b8 09
 0:53.38     cd b1 76 5f e0 db 64 97 b2 b4
 0:53.38     b3 ef 2b ef 44 8b bd 19 a9 dd
 0:53.38     d4 8d
 0:53.38   signature: 64 bytes
 0:53.38     61 26 4e bc 3a 1f 1d 04 67 21
 0:53.38     b1 97 83 97 0c 3b 97 0e 0e fc
 0:53.38     0c ec ff dc b3 08 a3 af a1 cd
 0:53.38     af fc 14 cd 48 0d 53 f7 9c cd
 0:53.38     e3 c7 e8 17 0a ec 0a 8d b8 34
 0:53.38     aa 61 86 d6 fe f9 23 0f ec 82
 0:53.38     46 7a 72 d6
 0:53.40 Library File: ../../dist/bluegriffon\softokn3.dll 177664 bytes
 0:53.40 Check File: ..\..\dist\bluegriffon\softokn3.chk
 0:53.40   hash: 32 bytes
 0:53.41     ed 40 a1 a6 d8 c6 a5 03 1a b9
 0:53.41     d1 64 8c ec 53 48 d1 c4 32 cc
 0:53.41     09 eb 91 3a cf f7 fe ff 63 c9
 0:53.41     03 9f
 0:53.41   signature: 64 bytes
 0:53.41     04 4d ac b9 ed 4c 41 de 1d 34
 0:53.41     01 48 91 4c da 26 72 70 e7 ac
 0:53.41     80 4a 25 d5 30 16 e8 2e 9e 93
 0:53.41     bb 40 2d 74 ab e4 f4 78 5f 21
 0:53.41     3e 1e 9c a3 09 61 7e 60 35 fc
 0:53.41     57 29 bd ea 26 80 ca 58 b9 47
 0:53.41     ab f4 4d 85
 0:53.55 moduleSpec configdir='' certPrefix='' keyPrefix='' secmod='' flags=noCertDB, noModDB
 0:53.55 Generate a DSA key pair ...
 0:53.59 moduleSpec configdir='' certPrefix='' keyPrefix='' secmod='' flags=noCertDB, noModDB
 0:53.59 Generate a DSA key pair ...
 1:34.23 Wrote 462 files in 629240 bytes to mozharness.zip in 11.97s
 1:34.37 Compressing...
 1:39.38   adding: bluegriffon/Accessible.tlb (deflated 62%)
 1:39.38   adding: bluegriffon/AccessibleMarshal.dll (deflated 59%)
 1:39.38   adding: bluegriffon/application.ini (deflated 32%)
 1:39.51   adding: bluegriffon/bluegriffon.exe (deflated 37%)
 1:39.51   adding: bluegriffon/chrome/aria.jar (deflated 4%)
 1:39.53   adding: bluegriffon/chrome/bluegriffon-en-US.jar (deflated 22%)
 1:39.61   adding: bluegriffon/chrome/bluegriffon.jar (deflated 8%)
 1:39.61   adding: bluegriffon/chrome/chrome.manifest (deflated 84%)
 1:39.62   adding: bluegriffon/chrome/cssproperties.jar (deflated 14%)
 1:39.86   adding: bluegriffon/chrome/devtools.jar (deflated 3%)
 1:39.88   adding: bluegriffon/chrome/domexplorer.jar (deflated 5%)
 1:39.89   adding: bluegriffon/chrome/en-US.jar (deflated 9%)
 1:39.90   adding: bluegriffon/chrome/fs-en-US.jar (deflated 28%)
 1:39.90   adding: bluegriffon/chrome/fs.jar (deflated 9%)
 1:39.91   adding: bluegriffon/chrome/gfd-en-US.jar (deflated 32%)
 1:39.91   adding: bluegriffon/chrome/gfd.jar (deflated 11%)
 1:39.93   adding: bluegriffon/chrome/its20.jar (deflated 5%)
 1:39.94   adding: bluegriffon/chrome/marionette.jar (deflated 1%)
 1:39.94   adding: bluegriffon/chrome/markdown-en-US.jar (deflated 50%)
 1:39.96   adding: bluegriffon/chrome/markdown.jar (deflated 2%)
 1:39.96   adding: bluegriffon/chrome/op1-en-US.jar (deflated 9%)
 1:39.99   adding: bluegriffon/chrome/op1.jar (deflated 4%)
 1:39.99   adding: bluegriffon/chrome/pippki.jar (deflated 7%)
 1:40.00   adding: bluegriffon/chrome/recording.jar (deflated 7%)
 1:40.00   adding: bluegriffon/chrome/scripteditor.jar (deflated 11%)
 1:40.00   adding: bluegriffon/chrome/stylesheets.jar (deflated 7%)
 1:40.08   adding: bluegriffon/chrome/svg-edit.jar (deflated 3%)
 1:40.19   adding: bluegriffon/chrome/toolkit.jar (deflated 5%)
 1:40.19   adding: bluegriffon/chrome/webide.jar (deflated 3%)
 1:40.20   adding: bluegriffon/chrome.manifest (deflated 43%)
 1:40.20   adding: bluegriffon/components/addonManager.js (deflated 70%)
 1:40.20   adding: bluegriffon/components/amContentHandler.js (deflated 58%)
 1:40.20   adding: bluegriffon/components/amInstallTrigger.js (deflated 64%)
 1:40.20   adding: bluegriffon/components/amWebAPI.js (deflated 67%)
 1:40.22   adding: bluegriffon/components/bgCharUnicodeAutocomplete.js (deflated 67%)
 1:40.22   adding: bluegriffon/components/bgCommandHandler.js (deflated 78%)
 1:40.22   adding: bluegriffon/components/bgLocationAutocomplete.js (deflated 67%)
 1:40.22   adding: bluegriffon/components/BrowserElementParent.js (deflated 73%)
 1:40.23   adding: bluegriffon/components/captivedetect.js (deflated 72%)
 1:40.23   adding: bluegriffon/components/components.manifest (deflated 72%)
 1:40.25   adding: bluegriffon/components/ConsoleAPIStorage.js (deflated 64%)
 1:40.25   adding: bluegriffon/components/contentAreaDropListener.js (deflated 65%)
 1:40.26   adding: bluegriffon/components/ContentProcessSingleton.js (deflated 61%)
 1:40.26   adding: bluegriffon/components/crypto-SDR.js (deflated 69%)
 1:40.26   adding: bluegriffon/components/defaultShims.js (deflated 44%)
 1:40.28   adding: bluegriffon/components/devtools-startup.js (deflated 68%)
 1:40.28   adding: bluegriffon/components/DownloadLegacy.js (deflated 69%)
 1:40.28   adding: bluegriffon/components/EditorUtils.js (deflated 45%)
 1:40.29   adding: bluegriffon/components/FeedProcessor.js (deflated 75%)
 1:40.30   adding: bluegriffon/components/FormAutofillContentService.js (deflated 69%)
 1:40.30   adding: bluegriffon/components/FormAutofillStartup.js (deflated 56%)
 1:40.30   adding: bluegriffon/components/FormHistoryStartup.js (deflated 65%)
 1:40.30   adding: bluegriffon/components/FxAccountsPush.js (deflated 70%)
 1:40.31   adding: bluegriffon/components/htmlMenuBuilder.js (deflated 62%)
 1:40.37   adding: bluegriffon/components/interfaces.xpt (deflated 55%)
 1:40.37   adding: bluegriffon/components/MainProcessSingleton.js (deflated 60%)
 1:40.37   adding: bluegriffon/components/marionette.js (deflated 64%)
 1:40.37   adding: bluegriffon/components/messageWakeupService.js (deflated 59%)
 1:40.37   adding: bluegriffon/components/mozIntl.js (deflated 68%)
 1:40.38   adding: bluegriffon/components/mozProtocolHandler.js (deflated 50%)
 1:40.38   adding: bluegriffon/components/multiprocessShims.js (deflated 65%)
 1:40.38   adding: bluegriffon/components/NetworkGeolocationProvider.js (deflated 69%)
 1:40.38   adding: bluegriffon/components/NotificationStorage.js (deflated 73%)
 1:40.38   adding: bluegriffon/components/nsAsyncShutdown.js (deflated 68%)
 1:40.40   adding: bluegriffon/components/nsBlocklistService.js (deflated 76%)
 1:40.40   adding: bluegriffon/components/nsBlocklistServiceContent.js (deflated 60%)
 1:40.40   adding: bluegriffon/components/nsContentDispatchChooser.js (deflated 62%)
 1:40.41   adding: bluegriffon/components/nsContentPrefService.js (deflated 77%)
 1:40.41   adding: bluegriffon/components/nsCrashMonitor.js (deflated 46%)
 1:40.41   adding: bluegriffon/components/nsDefaultCLH.js (deflated 67%)
 1:40.43   adding: bluegriffon/components/nsDNSServiceDiscovery.js (deflated 74%)
 1:40.43   adding: bluegriffon/components/nsFormAutoComplete.js (deflated 74%)
 1:40.45   adding: bluegriffon/components/nsHandlerService-json.js (deflated 72%)
 1:40.45   adding: bluegriffon/components/nsHandlerService.js (deflated 78%)
 1:40.46   adding: bluegriffon/components/nsHelperAppDlg.js (deflated 74%)
 1:40.46   adding: bluegriffon/components/nsINIProcessor.js (deflated 71%)
 1:40.46   adding: bluegriffon/components/nsInputListAutoComplete.js (deflated 61%)
 1:40.46   adding: bluegriffon/components/nsLoginInfo.js (deflated 64%)
 1:40.46   adding: bluegriffon/components/nsLoginManager.js (deflated 70%)
 1:40.48   adding: bluegriffon/components/nsLoginManagerPrompter.js (deflated 76%)
 1:40.51   adding: bluegriffon/components/nsPrompter.js (deflated 77%)
 1:40.55   adding: bluegriffon/components/nsSearchService.js (deflated 74%)
 1:40.55   adding: bluegriffon/components/nsSearchSuggestions.js (deflated 64%)
 1:40.55   adding: bluegriffon/components/nsTerminatorTelemetry.js (deflated 56%)
 1:40.57   adding: bluegriffon/components/nsUpdateTimerManager.js (deflated 71%)
 1:40.58   adding: bluegriffon/components/nsUrlClassifierHashCompleter.js (deflated 70%)
 1:40.58   adding: bluegriffon/components/nsUrlClassifierLib.js (deflated 70%)
 1:40.60   adding: bluegriffon/components/nsUrlClassifierListManager.js (deflated 72%)
 1:40.61   adding: bluegriffon/components/nsURLFormatter.js (deflated 64%)
 1:40.61   adding: bluegriffon/components/nsWebHandlerApp.js (deflated 63%)
 1:40.65   adding: bluegriffon/components/PageThumbsProtocol.js (deflated 59%)
 1:40.66   adding: bluegriffon/components/phpStreamConverter.js (deflated 62%)
 1:40.67   adding: bluegriffon/components/PresentationControlService.js (deflated 79%)
 1:40.69   adding: bluegriffon/components/PresentationDataChannelSessionTransport.js (deflated 74%)
 1:40.71   adding: bluegriffon/components/PresentationDeviceInfoManager.js (deflated 66%)
 1:40.71   adding: bluegriffon/components/PrivateBrowsingTrackingProtectionWhitelist.js (deflated 63%)
 1:40.72   adding: bluegriffon/components/ProcessSelector.js (deflated 59%)
 1:40.74   adding: bluegriffon/components/Push.js (deflated 70%)
 1:40.74   adding: bluegriffon/components/PushComponents.js (deflated 74%)
 1:40.74   adding: bluegriffon/components/recording-cmdline.js (deflated 62%)
 1:40.75   adding: bluegriffon/components/RemoteWebNavigation.js (deflated 62%)
 1:40.75   adding: bluegriffon/components/SanityTest.js (deflated 62%)
 1:40.77   adding: bluegriffon/components/SecurityReporter.js (deflated 59%)
 1:40.77   adding: bluegriffon/components/simpleServices.js (deflated 72%)
 1:40.77   adding: bluegriffon/components/SlowScriptDebug.js (deflated 50%)
 1:40.78   adding: bluegriffon/components/storage-json.js (deflated 72%)
 1:40.78   adding: bluegriffon/components/TelemetryStartup.js (deflated 57%)
 1:40.80   adding: bluegriffon/components/TooltipTextProvider.js (deflated 65%)
 1:40.80   adding: bluegriffon/components/txEXSLTRegExFunctions.js (deflated 61%)
 1:40.80   adding: bluegriffon/components/WebVTTParserWrapper.js (deflated 55%)
 1:40.81   adding: bluegriffon/components/WellKnownOpportunisticUtils.js (deflated 49%)
 1:40.81   adding: bluegriffon/components/XULStore.js (deflated 67%)
 1:42.04   adding: bluegriffon/d3dcompiler_47.dll (deflated 57%)
 1:42.04   adding: bluegriffon/defaults/autoconfig/prefcalls.js (deflated 76%)
 1:42.04   adding: bluegriffon/defaults/pref/bluegriffon-prefs.js (deflated 70%)
 1:42.04   adding: bluegriffon/defaults/pref/channel-prefs.js (deflated 23%)
 1:42.04   adding: bluegriffon/defaults/pref/devtools.js (deflated 74%)
 1:42.05   adding: bluegriffon/defaults/profile/prefs.js (deflated 38%)
 1:42.05   adding: bluegriffon/dependentlibs.list (deflated 24%)
 1:42.05   adding: bluegriffon/dictionaries/en-US.aff (deflated 68%)
 1:42.22   adding: bluegriffon/dictionaries/en-US.dic (deflated 66%)
 1:42.25   adding: bluegriffon/distribution/extensions/langpack-cs@bluegriffon.org.xpi (deflated 14%)
 1:42.30   adding: bluegriffon/distribution/extensions/langpack-de@bluegriffon.org.xpi (deflated 14%)
 1:42.34   adding: bluegriffon/distribution/extensions/langpack-en-US@bluegriffon.org.xpi (deflated 14%)
 1:42.37   adding: bluegriffon/distribution/extensions/langpack-es-ES@bluegriffon.org.xpi (deflated 18%)
 1:42.42   adding: bluegriffon/distribution/extensions/langpack-fi@bluegriffon.org.xpi (deflated 14%)
 1:42.45   adding: bluegriffon/distribution/extensions/langpack-fr@bluegriffon.org.xpi (deflated 14%)
 1:42.49   adding: bluegriffon/distribution/extensions/langpack-gl@bluegriffon.org.xpi (deflated 14%)
 1:42.54   adding: bluegriffon/distribution/extensions/langpack-he@bluegriffon.org.xpi (deflated 13%)
 1:42.57   adding: bluegriffon/distribution/extensions/langpack-hu@bluegriffon.org.xpi (deflated 14%)
 1:42.60   adding: bluegriffon/distribution/extensions/langpack-it@bluegriffon.org.xpi (deflated 18%)
 1:42.66   adding: bluegriffon/distribution/extensions/langpack-ja@bluegriffon.org.xpi (deflated 13%)
 1:42.71   adding: bluegriffon/distribution/extensions/langpack-ko@bluegriffon.org.xpi (deflated 14%)
 1:42.77   adding: bluegriffon/distribution/extensions/langpack-nl@bluegriffon.org.xpi (deflated 14%)
 1:42.80   adding: bluegriffon/distribution/extensions/langpack-pl@bluegriffon.org.xpi (deflated 17%)
 1:42.83   adding: bluegriffon/distribution/extensions/langpack-ru@bluegriffon.org.xpi (deflated 13%)
 1:42.88   adding: bluegriffon/distribution/extensions/langpack-sl@bluegriffon.org.xpi (deflated 14%)
 1:42.92   adding: bluegriffon/distribution/extensions/langpack-sr@bluegriffon.org.xpi (deflated 13%)
 1:42.98   adding: bluegriffon/distribution/extensions/langpack-sv-SE@bluegriffon.org.xpi (deflated 15%)
 1:43.10   adding: bluegriffon/distribution/extensions/langpack-zh-CN@bluegriffon.org.xpi (deflated 14%)
 1:43.16   adding: bluegriffon/distribution/extensions/langpack-zh-TW@bluegriffon.org.xpi (deflated 14%)
 1:43.16   adding: bluegriffon/freebl3.chk (stored 0%)
 1:43.30   adding: bluegriffon/freebl3.dll (deflated 60%)
 1:43.32   adding: bluegriffon/gmp-clearkey/0.1/clearkey.dll (deflated 50%)
 1:43.32   adding: bluegriffon/gmp-clearkey/0.1/manifest.json (deflated 43%)
 1:43.35   adding: bluegriffon/greprefs.js (deflated 72%)
 1:43.36   adding: bluegriffon/hyphenation/hyph_af.dic (deflated 55%)
 1:43.36   adding: bluegriffon/hyphenation/hyph_bg.dic (deflated 72%)
 1:43.36   adding: bluegriffon/hyphenation/hyph_ca.dic (deflated 61%)
 1:43.36   adding: bluegriffon/hyphenation/hyph_cy.dic (deflated 53%)
 1:43.38   adding: bluegriffon/hyphenation/hyph_da.dic (deflated 47%)
 1:43.39   adding: bluegriffon/hyphenation/hyph_de-1901.dic (deflated 54%)
 1:43.41   adding: bluegriffon/hyphenation/hyph_de-1996.dic (deflated 54%)
 1:43.42   adding: bluegriffon/hyphenation/hyph_de-CH.dic (deflated 54%)
 1:43.44   adding: bluegriffon/hyphenation/hyph_en_US.dic (deflated 59%)
 1:43.44   adding: bluegriffon/hyphenation/hyph_eo.dic (deflated 63%)
 1:43.46   adding: bluegriffon/hyphenation/hyph_es.dic (deflated 67%)
 1:43.46   adding: bluegriffon/hyphenation/hyph_et.dic (deflated 52%)
 1:43.46   adding: bluegriffon/hyphenation/hyph_fi.dic (deflated 52%)
 1:43.46   adding: bluegriffon/hyphenation/hyph_fr.dic (deflated 60%)
 1:43.46   adding: bluegriffon/hyphenation/hyph_gl.dic (deflated 69%)
 1:43.47   adding: bluegriffon/hyphenation/hyph_hr.dic (deflated 56%)
 1:43.47   adding: bluegriffon/hyphenation/hyph_hsb.dic (deflated 63%)
 1:43.67   adding: bluegriffon/hyphenation/hyph_hu.dic (deflated 62%)
 1:43.70   adding: bluegriffon/hyphenation/hyph_ia.dic (deflated 51%)
 1:43.70   adding: bluegriffon/hyphenation/hyph_is.dic (deflated 50%)
 1:43.70   adding: bluegriffon/hyphenation/hyph_it.dic (deflated 55%)
 1:43.70   adding: bluegriffon/hyphenation/hyph_kmr.dic (deflated 51%)
 1:43.71   adding: bluegriffon/hyphenation/hyph_la.dic (deflated 59%)
 1:43.71   adding: bluegriffon/hyphenation/hyph_lt.dic (deflated 51%)
 1:43.71   adding: bluegriffon/hyphenation/hyph_mn.dic (deflated 77%)
 1:43.78   adding: bluegriffon/hyphenation/hyph_nb.dic (deflated 52%)
 1:43.79   adding: bluegriffon/hyphenation/hyph_nl.dic (deflated 54%)
 1:43.84   adding: bluegriffon/hyphenation/hyph_nn.dic (deflated 52%)
 1:43.85   adding: bluegriffon/hyphenation/hyph_pl.dic (deflated 65%)
 1:43.85   adding: bluegriffon/hyphenation/hyph_pt.dic (deflated 55%)
 1:43.87   adding: bluegriffon/hyphenation/hyph_ru.dic (deflated 66%)
 1:43.88   adding: bluegriffon/hyphenation/hyph_sh.dic (deflated 69%)
 1:43.88   adding: bluegriffon/hyphenation/hyph_sl.dic (deflated 50%)
 1:43.90   adding: bluegriffon/hyphenation/hyph_sv.dic (deflated 51%)
 1:43.90   adding: bluegriffon/hyphenation/hyph_tr.dic (deflated 64%)
 1:43.90   adding: bluegriffon/hyphenation/hyph_uk.dic (deflated 70%)
 1:43.93   adding: bluegriffon/IA2Marshal.dll (deflated 70%)
 1:43.94   adding: bluegriffon/lgpllibs.dll (deflated 49%)
 1:43.94   adding: bluegriffon/libEGL.dll (deflated 60%)
 1:44.26   adding: bluegriffon/libGLESv2.dll (deflated 58%)
 1:44.28   adding: bluegriffon/modules/AboutReader.jsm (deflated 76%)
 1:44.28   adding: bluegriffon/modules/accessibility/AccessFu.jsm (deflated 75%)
 1:44.28   adding: bluegriffon/modules/accessibility/Constants.jsm (deflated 66%)
 1:44.28   adding: bluegriffon/modules/accessibility/ContentControl.jsm (deflated 73%)
 1:44.29   adding: bluegriffon/modules/accessibility/EventManager.jsm (deflated 75%)
 1:44.30   adding: bluegriffon/modules/accessibility/Gestures.jsm (deflated 79%)
 1:44.30   adding: bluegriffon/modules/accessibility/OutputGenerator.jsm (deflated 78%)
 1:44.30   adding: bluegriffon/modules/accessibility/PointerAdapter.jsm (deflated 68%)
 1:44.30   adding: bluegriffon/modules/accessibility/Presentation.jsm (deflated 79%)
 1:44.31   adding: bluegriffon/modules/accessibility/Traversal.jsm (deflated 73%)
 1:44.31   adding: bluegriffon/modules/accessibility/Utils.jsm (deflated 73%)
 1:44.33   adding: bluegriffon/modules/AddonManager.jsm (deflated 78%)
 1:44.33   adding: bluegriffon/modules/addons/AddonConstants.jsm (deflated 59%)
 1:44.34   adding: bluegriffon/modules/addons/AddonRepository.jsm (deflated 75%)
 1:44.34   adding: bluegriffon/modules/addons/AddonRepository_SQLiteMigrator.jsm (deflated 78%)
 1:44.36   adding: bluegriffon/modules/addons/AddonUpdateChecker.jsm (deflated 75%)
 1:44.37   adding: bluegriffon/modules/addons/APIExtensionBootstrap.js (deflated 54%)
 1:44.37   adding: bluegriffon/modules/addons/Content.js (deflated 49%)
 1:44.37   adding: bluegriffon/modules/addons/E10SAddonsRollout.jsm (deflated 56%)
 1:44.39   adding: bluegriffon/modules/addons/GMPProvider.jsm (deflated 75%)
 1:44.40   adding: bluegriffon/modules/addons/LightweightThemeImageOptimizer.jsm (deflated 65%)
 1:44.40   adding: bluegriffon/modules/addons/PluginProvider.jsm (deflated 72%)
 1:44.43   adding: bluegriffon/modules/addons/ProductAddonChecker.jsm (deflated 68%)
 1:44.43   adding: bluegriffon/modules/addons/SpellCheckDictionaryBootstrap.js (deflated 40%)
 1:44.43   adding: bluegriffon/modules/addons/WebExtensionBootstrap.js (deflated 55%)
 1:44.54   adding: bluegriffon/modules/addons/XPIProvider.jsm (deflated 76%)
 1:44.55   adding: bluegriffon/modules/addons/XPIProviderUtils.js (deflated 76%)
 1:44.57   adding: bluegriffon/modules/AppConstants.jsm (deflated 83%)
 1:44.57   adding: bluegriffon/modules/AsyncPrefs.jsm (deflated 72%)
 1:44.57   adding: bluegriffon/modules/AsyncShutdown.jsm (deflated 72%)
 1:44.57   adding: bluegriffon/modules/AutoCompletePopup.jsm (deflated 69%)
 1:44.59   adding: bluegriffon/modules/BackgroundPageThumbs.jsm (deflated 68%)
 1:44.59   adding: bluegriffon/modules/Battery.jsm (deflated 56%)
 1:44.59   adding: bluegriffon/modules/bgQuit.jsm (deflated 56%)
 1:44.60   adding: bluegriffon/modules/BinarySearch.jsm (deflated 63%)
 1:44.60   adding: bluegriffon/modules/BrowserElementPromptService.jsm (deflated 73%)
 1:44.62   adding: bluegriffon/modules/BrowserUtils.jsm (deflated 67%)
 1:44.62   adding: bluegriffon/modules/CanonicalJSON.jsm (deflated 52%)
 1:44.62   adding: bluegriffon/modules/CertUtils.jsm (deflated 67%)
 1:44.62   adding: bluegriffon/modules/CharsetMenu.jsm (deflated 66%)
 1:44.63   adding: bluegriffon/modules/ChromeManifestParser.jsm (deflated 60%)
 1:44.63   adding: bluegriffon/modules/ClientID.jsm (deflated 67%)
 1:44.68   adding: bluegriffon/modules/Color.jsm (deflated 59%)
 1:44.68   adding: bluegriffon/modules/colourPickerHelper.jsm (deflated 72%)
 1:44.69   adding: bluegriffon/modules/CommonDialog.jsm (deflated 73%)
 1:44.69   adding: bluegriffon/modules/commonjs/dev/debuggee.js (deflated 63%)
 1:44.69   adding: bluegriffon/modules/commonjs/dev/frame-script.js (deflated 64%)
 1:44.69   adding: bluegriffon/modules/commonjs/dev/panel/view.js (deflated 34%)
 1:44.71   adding: bluegriffon/modules/commonjs/dev/panel.js (deflated 65%)
 1:44.71   adding: bluegriffon/modules/commonjs/dev/ports.js (deflated 54%)
 1:44.73   adding: bluegriffon/modules/commonjs/dev/theme/hooks.js (deflated 41%)
 1:44.73   adding: bluegriffon/modules/commonjs/dev/theme.js (deflated 63%)
 1:44.73   adding: bluegriffon/modules/commonjs/dev/toolbox.js (deflated 61%)
 1:44.73   adding: bluegriffon/modules/commonjs/dev/utils.js (deflated 61%)
 1:44.75   adding: bluegriffon/modules/commonjs/dev/volcan.js (deflated 84%)
 1:44.75   adding: bluegriffon/modules/commonjs/diffpatcher/diff.js (deflated 60%)
 1:44.79   adding: bluegriffon/modules/commonjs/diffpatcher/index.js (deflated 40%)
 1:44.79   adding: bluegriffon/modules/commonjs/diffpatcher/patch.js (deflated 44%)
 1:44.79   adding: bluegriffon/modules/commonjs/diffpatcher/rebase.js (deflated 67%)
 1:44.79   adding: bluegriffon/modules/commonjs/diffpatcher/test/common.js (deflated 9%)
 1:44.80   adding: bluegriffon/modules/commonjs/diffpatcher/test/diff.js (deflated 79%)
 1:44.82   adding: bluegriffon/modules/commonjs/diffpatcher/test/index.js (deflated 52%)
 1:44.82   adding: bluegriffon/modules/commonjs/diffpatcher/test/patch.js (deflated 80%)
 1:44.82   adding: bluegriffon/modules/commonjs/diffpatcher/test/tap.js (deflated 9%)
 1:44.82   adding: bluegriffon/modules/commonjs/framescript/content.jsm (deflated 58%)
 1:44.84   adding: bluegriffon/modules/commonjs/framescript/context-menu.js (deflated 62%)
 1:44.85   adding: bluegriffon/modules/commonjs/framescript/FrameScriptManager.jsm (deflated 43%)
 1:44.85   adding: bluegriffon/modules/commonjs/framescript/manager.js (deflated 47%)
 1:44.85   adding: bluegriffon/modules/commonjs/framescript/util.js (deflated 53%)
 1:44.85   adding: bluegriffon/modules/commonjs/index.js (deflated 23%)
 1:44.86   adding: bluegriffon/modules/commonjs/jetpack-id/index.js (deflated 51%)
 1:44.86   adding: bluegriffon/modules/commonjs/method/core.js (deflated 67%)
 1:44.86   adding: bluegriffon/modules/commonjs/method/test/browser.js (deflated 50%)
 1:44.88   adding: bluegriffon/modules/commonjs/method/test/common.js (deflated 79%)
 1:44.94   adding: bluegriffon/modules/commonjs/mozilla-toolkit-versioning/index.js (deflated 62%)
 1:44.95   adding: bluegriffon/modules/commonjs/mozilla-toolkit-versioning/lib/utils.js (deflated 36%)
 1:44.95   adding: bluegriffon/modules/commonjs/node/os.js (deflated 54%)
 1:44.95   adding: bluegriffon/modules/commonjs/sdk/addon/bootstrap.js (deflated 64%)
 1:44.95   adding: bluegriffon/modules/commonjs/sdk/addon/events.js (deflated 48%)
 1:44.95   adding: bluegriffon/modules/commonjs/sdk/addon/host.js (deflated 30%)
 1:44.97   adding: bluegriffon/modules/commonjs/sdk/addon/installer.js (deflated 64%)
 1:44.97   adding: bluegriffon/modules/commonjs/sdk/addon/manager.js (deflated 41%)
 1:44.97   adding: bluegriffon/modules/commonjs/sdk/addon/runner.js (deflated 60%)
 1:44.97   adding: bluegriffon/modules/commonjs/sdk/addon/window.js (deflated 55%)
 1:44.97   adding: bluegriffon/modules/commonjs/sdk/base64.js (deflated 47%)
 1:44.97   adding: bluegriffon/modules/commonjs/sdk/browser/events.js (deflated 43%)
 1:44.98   adding: bluegriffon/modules/commonjs/sdk/clipboard.js (deflated 68%)
 1:44.98   adding: bluegriffon/modules/commonjs/sdk/console/plain-text.js (deflated 56%)
 1:44.98   adding: bluegriffon/modules/commonjs/sdk/console/traceback.js (deflated 57%)
 1:45.00   adding: bluegriffon/modules/commonjs/sdk/content/content-worker.js (deflated 70%)
 1:45.00   adding: bluegriffon/modules/commonjs/sdk/content/content.js (deflated 37%)
 1:45.00   adding: bluegriffon/modules/commonjs/sdk/content/context-menu.js (deflated 68%)
 1:45.00   adding: bluegriffon/modules/commonjs/sdk/content/events.js (deflated 54%)
 1:45.00   adding: bluegriffon/modules/commonjs/sdk/content/l10n-html.js (deflated 60%)
 1:45.01   adding: bluegriffon/modules/commonjs/sdk/content/loader.js (deflated 60%)
 1:45.01   adding: bluegriffon/modules/commonjs/sdk/content/mod.js (deflated 61%)
 1:45.01   adding: bluegriffon/modules/commonjs/sdk/content/page-mod.js (deflated 64%)
 1:45.01   adding: bluegriffon/modules/commonjs/sdk/content/page-worker.js (deflated 64%)
 1:45.01   adding: bluegriffon/modules/commonjs/sdk/content/sandbox/events.js (deflated 29%)
 1:45.01   adding: bluegriffon/modules/commonjs/sdk/content/sandbox.js (deflated 64%)
 1:45.03   adding: bluegriffon/modules/commonjs/sdk/content/tab-events.js (deflated 58%)
 1:45.03   adding: bluegriffon/modules/commonjs/sdk/content/thumbnail.js (deflated 52%)
 1:45.03   adding: bluegriffon/modules/commonjs/sdk/content/utils.js (deflated 62%)
 1:45.03   adding: bluegriffon/modules/commonjs/sdk/content/worker-child.js (deflated 64%)
 1:45.03   adding: bluegriffon/modules/commonjs/sdk/content/worker.js (deflated 64%)
 1:45.04   adding: bluegriffon/modules/commonjs/sdk/context-menu/context.js (deflated 69%)
 1:45.04   adding: bluegriffon/modules/commonjs/sdk/context-menu/core.js (deflated 70%)
 1:45.04   adding: bluegriffon/modules/commonjs/sdk/context-menu/readers.js (deflated 69%)
 1:45.04   adding: bluegriffon/modules/commonjs/sdk/context-menu.js (deflated 76%)
 1:45.04   adding: bluegriffon/modules/commonjs/sdk/context-menu@2.js (deflated 53%)
 1:45.06   adding: bluegriffon/modules/commonjs/sdk/core/disposable.js (deflated 68%)
 1:45.06   adding: bluegriffon/modules/commonjs/sdk/core/heritage.js (deflated 67%)
 1:45.06   adding: bluegriffon/modules/commonjs/sdk/core/namespace.js (deflated 53%)
 1:45.06   adding: bluegriffon/modules/commonjs/sdk/core/observer.js (deflated 61%)
 1:45.06   adding: bluegriffon/modules/commonjs/sdk/core/promise.js (deflated 56%)
 1:45.06   adding: bluegriffon/modules/commonjs/sdk/core/reference.js (deflated 45%)
 1:45.06   adding: bluegriffon/modules/commonjs/sdk/deprecated/api-utils.js (deflated 65%)
 1:45.08   adding: bluegriffon/modules/commonjs/sdk/deprecated/events/assembler.js (deflated 62%)
 1:45.08   adding: bluegriffon/modules/commonjs/sdk/deprecated/sync-worker.js (deflated 65%)
 1:45.08   adding: bluegriffon/modules/commonjs/sdk/deprecated/unit-test-finder.js (deflated 64%)
 1:45.08   adding: bluegriffon/modules/commonjs/sdk/deprecated/unit-test.js (deflated 74%)
 1:45.08   adding: bluegriffon/modules/commonjs/sdk/deprecated/window-utils.js (deflated 69%)
 1:45.09   adding: bluegriffon/modules/commonjs/sdk/dom/events/keys.js (deflated 60%)
 1:45.09   adding: bluegriffon/modules/commonjs/sdk/dom/events-shimmed.js (deflated 60%)
 1:45.09   adding: bluegriffon/modules/commonjs/sdk/dom/events.js (deflated 73%)
 1:45.09   adding: bluegriffon/modules/commonjs/sdk/event/chrome.js (deflated 53%)
 1:45.11   adding: bluegriffon/modules/commonjs/sdk/event/core.js (deflated 67%)
 1:45.11   adding: bluegriffon/modules/commonjs/sdk/event/dom.js (deflated 56%)
 1:45.11   adding: bluegriffon/modules/commonjs/sdk/event/target.js (deflated 62%)
 1:45.11   adding: bluegriffon/modules/commonjs/sdk/event/utils.js (deflated 65%)
 1:45.11   adding: bluegriffon/modules/commonjs/sdk/frame/hidden-frame.js (deflated 61%)
 1:45.15   adding: bluegriffon/modules/commonjs/sdk/frame/utils.js (deflated 61%)
 1:45.17   adding: bluegriffon/modules/commonjs/sdk/fs/path.js (deflated 70%)
 1:45.17   adding: bluegriffon/modules/commonjs/sdk/hotkeys.js (deflated 50%)
 1:45.17   adding: bluegriffon/modules/commonjs/sdk/indexed-db.js (deflated 55%)
 1:45.17   adding: bluegriffon/modules/commonjs/sdk/input/browser.js (deflated 63%)
 1:45.18   adding: bluegriffon/modules/commonjs/sdk/input/customizable-ui.js (deflated 56%)
 1:45.18   adding: bluegriffon/modules/commonjs/sdk/input/frame.js (deflated 66%)
 1:45.18   adding: bluegriffon/modules/commonjs/sdk/input/system.js (deflated 60%)
 1:45.18   adding: bluegriffon/modules/commonjs/sdk/io/buffer.js (deflated 67%)
 1:45.18   adding: bluegriffon/modules/commonjs/sdk/io/byte-streams.js (deflated 61%)
 1:45.20   adding: bluegriffon/modules/commonjs/sdk/io/file.js (deflated 65%)
 1:45.20   adding: bluegriffon/modules/commonjs/sdk/io/fs.js (deflated 74%)
 1:45.20   adding: bluegriffon/modules/commonjs/sdk/io/stream.js (deflated 76%)
 1:45.20   adding: bluegriffon/modules/commonjs/sdk/io/text-streams.js (deflated 66%)
 1:45.21   adding: bluegriffon/modules/commonjs/sdk/keyboard/hotkeys.js (deflated 59%)
 1:45.21   adding: bluegriffon/modules/commonjs/sdk/keyboard/observer.js (deflated 57%)
 1:45.21   adding: bluegriffon/modules/commonjs/sdk/keyboard/utils.js (deflated 63%)
 1:45.21   adding: bluegriffon/modules/commonjs/sdk/l10n/core.js (deflated 40%)
 1:45.21   adding: bluegriffon/modules/commonjs/sdk/l10n/html.js (deflated 50%)
 1:45.23   adding: bluegriffon/modules/commonjs/sdk/l10n/json/core.js (deflated 49%)
 1:45.23   adding: bluegriffon/modules/commonjs/sdk/l10n/loader.js (deflated 57%)
 1:45.23   adding: bluegriffon/modules/commonjs/sdk/l10n/locale.js (deflated 60%)
 1:45.23   adding: bluegriffon/modules/commonjs/sdk/l10n/plural-rules.js (deflated 77%)
 1:45.24   adding: bluegriffon/modules/commonjs/sdk/l10n/prefs.js (deflated 58%)
 1:45.24   adding: bluegriffon/modules/commonjs/sdk/l10n/properties/core.js (deflated 60%)
 1:45.25   adding: bluegriffon/modules/commonjs/sdk/l10n.js (deflated 59%)
 1:45.25   adding: bluegriffon/modules/commonjs/sdk/lang/functional/concurrent.js (deflated 61%)
 1:45.26   adding: bluegriffon/modules/commonjs/sdk/lang/functional/core.js (deflated 64%)
 1:45.26   adding: bluegriffon/modules/commonjs/sdk/lang/functional/helpers.js (deflated 44%)
 1:45.26   adding: bluegriffon/modules/commonjs/sdk/lang/functional.js (deflated 54%)
 1:45.26   adding: bluegriffon/modules/commonjs/sdk/lang/type.js (deflated 72%)
 1:45.26   adding: bluegriffon/modules/commonjs/sdk/lang/weak-set.js (deflated 56%)
 1:45.27   adding: bluegriffon/modules/commonjs/sdk/loader/cuddlefish.js (deflated 59%)
 1:45.27   adding: bluegriffon/modules/commonjs/sdk/loader/sandbox.js (deflated 57%)
 1:45.27   adding: bluegriffon/modules/commonjs/sdk/messaging.js (deflated 35%)
 1:45.27   adding: bluegriffon/modules/commonjs/sdk/model/core.js (deflated 39%)
 1:45.27   adding: bluegriffon/modules/commonjs/sdk/net/url.js (deflated 60%)
 1:45.28   adding: bluegriffon/modules/commonjs/sdk/net/xhr.js (deflated 50%)
 1:45.28   adding: bluegriffon/modules/commonjs/sdk/notifications.js (deflated 60%)
 1:45.29   adding: bluegriffon/modules/commonjs/sdk/output/system.js (deflated 58%)
 1:45.29   adding: bluegriffon/modules/commonjs/sdk/page-mod/match-pattern.js (deflated 38%)
 1:45.29   adding: bluegriffon/modules/commonjs/sdk/page-mod.js (deflated 66%)
 1:45.29   adding: bluegriffon/modules/commonjs/sdk/page-worker.js (deflated 65%)
 1:45.29   adding: bluegriffon/modules/commonjs/sdk/panel/events.js (deflated 41%)
 1:45.29   adding: bluegriffon/modules/commonjs/sdk/panel/utils.js (deflated 67%)
 1:45.29   adding: bluegriffon/modules/commonjs/sdk/panel.js (deflated 70%)
 1:45.30   adding: bluegriffon/modules/commonjs/sdk/passwords/utils.js (deflated 61%)
 1:45.30   adding: bluegriffon/modules/commonjs/sdk/passwords.js (deflated 58%)
 1:45.30   adding: bluegriffon/modules/commonjs/sdk/places/bookmarks.js (deflated 65%)
 1:45.31   adding: bluegriffon/modules/commonjs/sdk/places/contract.js (deflated 60%)
 1:45.31   adding: bluegriffon/modules/commonjs/sdk/places/events.js (deflated 63%)
 1:45.31   adding: bluegriffon/modules/commonjs/sdk/places/favicon.js (deflated 52%)
 1:45.32   adding: bluegriffon/modules/commonjs/sdk/places/history.js (deflated 53%)
 1:45.32   adding: bluegriffon/modules/commonjs/sdk/places/host/host-bookmarks.js (deflated 69%)
 1:45.32   adding: bluegriffon/modules/commonjs/sdk/places/host/host-query.js (deflated 61%)
 1:45.32   adding: bluegriffon/modules/commonjs/sdk/places/host/host-tags.js (deflated 65%)
 1:45.34   adding: bluegriffon/modules/commonjs/sdk/places/utils.js (deflated 61%)
 1:45.34   adding: bluegriffon/modules/commonjs/sdk/platform/xpcom.js (deflated 63%)
 1:45.34   adding: bluegriffon/modules/commonjs/sdk/preferences/event-target.js (deflated 57%)
 1:45.34   adding: bluegriffon/modules/commonjs/sdk/preferences/native-options.js (deflated 66%)
 1:45.34   adding: bluegriffon/modules/commonjs/sdk/preferences/service.js (deflated 59%)
 1:45.34   adding: bluegriffon/modules/commonjs/sdk/preferences/utils.js (deflated 51%)
 1:45.35   adding: bluegriffon/modules/commonjs/sdk/private-browsing/utils.js (deflated 62%)
 1:45.35   adding: bluegriffon/modules/commonjs/sdk/private-browsing.js (deflated 30%)
 1:45.35   adding: bluegriffon/modules/commonjs/sdk/querystring.js (deflated 56%)
 1:45.35   adding: bluegriffon/modules/commonjs/sdk/remote/child.js (deflated 70%)
 1:45.37   adding: bluegriffon/modules/commonjs/sdk/remote/core.js (deflated 29%)
 1:45.37   adding: bluegriffon/modules/commonjs/sdk/remote/parent.js (deflated 70%)
 1:45.37   adding: bluegriffon/modules/commonjs/sdk/remote/utils.js (deflated 50%)
 1:45.37   adding: bluegriffon/modules/commonjs/sdk/request.js (deflated 64%)
 1:45.37   adding: bluegriffon/modules/commonjs/sdk/selection.js (deflated 68%)
 1:45.37   adding: bluegriffon/modules/commonjs/sdk/self.js (deflated 56%)
 1:45.37   adding: bluegriffon/modules/commonjs/sdk/simple-prefs.js (deflated 44%)
 1:45.37   adding: bluegriffon/modules/commonjs/sdk/simple-storage.js (deflated 63%)
 1:45.38   adding: bluegriffon/modules/commonjs/sdk/stylesheet/style.js (deflated 60%)
 1:45.38   adding: bluegriffon/modules/commonjs/sdk/stylesheet/utils.js (deflated 58%)
 1:45.38   adding: bluegriffon/modules/commonjs/sdk/system/child_process/subprocess.js (deflated 64%)
 1:45.38   adding: bluegriffon/modules/commonjs/sdk/system/child_process.js (deflated 67%)
 1:45.38   adding: bluegriffon/modules/commonjs/sdk/system/environment.js (deflated 47%)
 1:45.38   adding: bluegriffon/modules/commonjs/sdk/system/events-shimmed.js (deflated 49%)
 1:45.40   adding: bluegriffon/modules/commonjs/sdk/system/events.js (deflated 63%)
 1:45.40   adding: bluegriffon/modules/commonjs/sdk/system/globals.js (deflated 52%)
 1:45.40   adding: bluegriffon/modules/commonjs/sdk/system/process.js (deflated 60%)
 1:45.40   adding: bluegriffon/modules/commonjs/sdk/system/runtime.js (deflated 44%)
 1:45.40   adding: bluegriffon/modules/commonjs/sdk/system/unload.js (deflated 57%)
 1:45.40   adding: bluegriffon/modules/commonjs/sdk/system/xul-app.js (deflated 27%)
 1:45.40   adding: bluegriffon/modules/commonjs/sdk/system/xul-app.jsm (deflated 60%)
 1:45.40   adding: bluegriffon/modules/commonjs/sdk/system.js (deflated 58%)
 1:45.41   adding: bluegriffon/modules/commonjs/sdk/tab/events.js (deflated 57%)
 1:45.41   adding: bluegriffon/modules/commonjs/sdk/tabs/common.js (deflated 59%)
 1:45.41   adding: bluegriffon/modules/commonjs/sdk/tabs/events.js (deflated 44%)
 1:45.41   adding: bluegriffon/modules/commonjs/sdk/tabs/helpers.js (deflated 42%)
 1:45.41   adding: bluegriffon/modules/commonjs/sdk/tabs/namespace.js (deflated 32%)
 1:45.41   adding: bluegriffon/modules/commonjs/sdk/tabs/observer.js (deflated 62%)
 1:45.41   adding: bluegriffon/modules/commonjs/sdk/tabs/tab-fennec.js (deflated 69%)
 1:45.41   adding: bluegriffon/modules/commonjs/sdk/tabs/tab-firefox.js (deflated 70%)
 1:45.41   adding: bluegriffon/modules/commonjs/sdk/tabs/tab.js (deflated 46%)
 1:45.43   adding: bluegriffon/modules/commonjs/sdk/tabs/tabs-firefox.js (deflated 66%)
 1:45.43   adding: bluegriffon/modules/commonjs/sdk/tabs/utils.js (deflated 70%)
 1:45.43   adding: bluegriffon/modules/commonjs/sdk/tabs/worker.js (deflated 40%)
 1:45.43   adding: bluegriffon/modules/commonjs/sdk/tabs.js (deflated 37%)
 1:45.43   adding: bluegriffon/modules/commonjs/sdk/test/assert.js (deflated 72%)
 1:45.43   adding: bluegriffon/modules/commonjs/sdk/test/harness.js (deflated 68%)
 1:45.44   adding: bluegriffon/modules/commonjs/sdk/test/httpd.js (deflated 30%)
 1:45.44   adding: bluegriffon/modules/commonjs/sdk/test/loader.js (deflated 66%)
 1:45.44   adding: bluegriffon/modules/commonjs/sdk/test/memory.js (deflated 28%)
 1:45.44   adding: bluegriffon/modules/commonjs/sdk/test/options.js (deflated 54%)
 1:45.44   adding: bluegriffon/modules/commonjs/sdk/test/runner.js (deflated 60%)
 1:45.44   adding: bluegriffon/modules/commonjs/sdk/test/utils.js (deflated 79%)
 1:45.44   adding: bluegriffon/modules/commonjs/sdk/test.js (deflated 60%)
 1:45.44   adding: bluegriffon/modules/commonjs/sdk/timers.js (deflated 58%)
 1:45.46   adding: bluegriffon/modules/commonjs/sdk/ui/button/action.js (deflated 63%)
 1:45.46   adding: bluegriffon/modules/commonjs/sdk/ui/button/contract.js (deflated 59%)
 1:45.46   adding: bluegriffon/modules/commonjs/sdk/ui/button/toggle.js (deflated 64%)
 1:45.46   adding: bluegriffon/modules/commonjs/sdk/ui/button/view/events.js (deflated 32%)
 1:45.46   adding: bluegriffon/modules/commonjs/sdk/ui/button/view.js (deflated 65%)
 1:45.46   adding: bluegriffon/modules/commonjs/sdk/ui/component.js (deflated 71%)
 1:45.46   adding: bluegriffon/modules/commonjs/sdk/ui/frame/model.js (deflated 60%)
 1:45.47   adding: bluegriffon/modules/commonjs/sdk/ui/frame/view.html (deflated 46%)
 1:45.47   adding: bluegriffon/modules/commonjs/sdk/ui/frame/view.js (deflated 63%)
 1:45.47   adding: bluegriffon/modules/commonjs/sdk/ui/frame.js (deflated 29%)
 1:45.47   adding: bluegriffon/modules/commonjs/sdk/ui/id.js (deflated 41%)
 1:45.47   adding: bluegriffon/modules/commonjs/sdk/ui/sidebar/actions.js (deflated 36%)
 1:45.47   adding: bluegriffon/modules/commonjs/sdk/ui/sidebar/contract.js (deflated 45%)
 1:45.47   adding: bluegriffon/modules/commonjs/sdk/ui/sidebar/namespace.js (deflated 47%)
 1:45.47   adding: bluegriffon/modules/commonjs/sdk/ui/sidebar/utils.js (deflated 30%)
 1:45.49   adding: bluegriffon/modules/commonjs/sdk/ui/sidebar/view.js (deflated 69%)
 1:45.49   adding: bluegriffon/modules/commonjs/sdk/ui/sidebar.js (deflated 74%)
 1:45.49   adding: bluegriffon/modules/commonjs/sdk/ui/state/events.js (deflated 32%)
 1:45.49   adding: bluegriffon/modules/commonjs/sdk/ui/state.js (deflated 70%)
 1:45.49   adding: bluegriffon/modules/commonjs/sdk/ui/toolbar/model.js (deflated 58%)
 1:45.49   adding: bluegriffon/modules/commonjs/sdk/ui/toolbar/view.js (deflated 64%)
 1:45.49   adding: bluegriffon/modules/commonjs/sdk/ui/toolbar.js (deflated 33%)
 1:45.51   adding: bluegriffon/modules/commonjs/sdk/ui.js (deflated 52%)
 1:45.51   adding: bluegriffon/modules/commonjs/sdk/uri/resource.js (deflated 53%)
 1:45.51   adding: bluegriffon/modules/commonjs/sdk/url/utils.js (deflated 43%)
 1:45.51   adding: bluegriffon/modules/commonjs/sdk/url.js (deflated 66%)
 1:45.51   adding: bluegriffon/modules/commonjs/sdk/util/array.js (deflated 64%)
 1:45.51   adding: bluegriffon/modules/commonjs/sdk/util/collection.js (deflated 65%)
 1:45.51   adding: bluegriffon/modules/commonjs/sdk/util/contract.js (deflated 57%)
 1:45.51   adding: bluegriffon/modules/commonjs/sdk/util/deprecate.js (deflated 52%)
 1:45.52   adding: bluegriffon/modules/commonjs/sdk/util/dispatcher.js (deflated 53%)
 1:45.52   adding: bluegriffon/modules/commonjs/sdk/util/list.js (deflated 56%)
 1:45.52   adding: bluegriffon/modules/commonjs/sdk/util/match-pattern.js (deflated 63%)
 1:45.53   adding: bluegriffon/modules/commonjs/sdk/util/object.js (deflated 61%)
 1:45.53   adding: bluegriffon/modules/commonjs/sdk/util/rules.js (deflated 54%)
 1:45.53   adding: bluegriffon/modules/commonjs/sdk/util/sequence.js (deflated 73%)
 1:45.54   adding: bluegriffon/modules/commonjs/sdk/util/uuid.js (deflated 38%)
 1:45.54   adding: bluegriffon/modules/commonjs/sdk/view/core.js (deflated 50%)
 1:45.54   adding: bluegriffon/modules/commonjs/sdk/webextension.js (deflated 51%)
 1:45.55   adding: bluegriffon/modules/commonjs/sdk/window/browser.js (deflated 60%)
 1:45.57   adding: bluegriffon/modules/commonjs/sdk/window/events.js (deflated 58%)
 1:45.57   adding: bluegriffon/modules/commonjs/sdk/window/helpers.js (deflated 61%)
 1:45.57   adding: bluegriffon/modules/commonjs/sdk/window/namespace.js (deflated 24%)
 1:45.58   adding: bluegriffon/modules/commonjs/sdk/window/utils.js (deflated 72%)
 1:45.58   adding: bluegriffon/modules/commonjs/sdk/windows/fennec.js (deflated 62%)
 1:45.58   adding: bluegriffon/modules/commonjs/sdk/windows/firefox.js (deflated 69%)
 1:45.58   adding: bluegriffon/modules/commonjs/sdk/windows/observer.js (deflated 55%)
 1:45.60   adding: bluegriffon/modules/commonjs/sdk/windows/tabs-fennec.js (deflated 67%)
 1:45.60   adding: bluegriffon/modules/commonjs/sdk/windows.js (deflated 47%)
 1:45.70   adding: bluegriffon/modules/commonjs/sdk/worker/utils.js (deflated 42%)
 1:45.72   adding: bluegriffon/modules/commonjs/sdk/zip/utils.js (deflated 38%)
 1:45.72   adding: bluegriffon/modules/commonjs/test.js (deflated 28%)
 1:45.75   adding: bluegriffon/modules/commonjs/toolkit/loader.js (deflated 68%)
 1:45.78   adding: bluegriffon/modules/commonjs/toolkit/require.js (deflated 57%)
 1:45.78   adding: bluegriffon/modules/CompatWarning.jsm (deflated 60%)
 1:45.96   adding: bluegriffon/modules/Console.jsm (deflated 71%)
 1:45.98   adding: bluegriffon/modules/ContentPrefInstance.jsm (deflated 73%)
 1:45.98   adding: bluegriffon/modules/ContentPrefService2.jsm (deflated 81%)
 1:45.99   adding: bluegriffon/modules/ContentPrefServiceChild.jsm (deflated 68%)
 1:45.99   adding: bluegriffon/modules/ContentPrefServiceParent.jsm (deflated 69%)
 1:45.99   adding: bluegriffon/modules/ContentPrefStore.jsm (deflated 71%)
 1:46.07   adding: bluegriffon/modules/ContentPrefUtils.jsm (deflated 65%)
 1:46.07   adding: bluegriffon/modules/ContextualIdentityService.jsm (deflated 71%)
 1:46.09   adding: bluegriffon/modules/CrashMonitor.jsm (deflated 66%)
 1:46.10   adding: bluegriffon/modules/Credentials.jsm (deflated 61%)
 1:46.12   adding: bluegriffon/modules/cssHelper.jsm (deflated 73%)
 1:46.19   adding: bluegriffon/modules/cssInspector.jsm (deflated 84%)
 1:46.21   adding: bluegriffon/modules/cssProperties.jsm (deflated 87%)
 1:46.21   adding: bluegriffon/modules/DataReader.jsm (deflated 64%)
 1:46.22   adding: bluegriffon/modules/DataWriter.jsm (deflated 60%)
 1:46.22   adding: bluegriffon/modules/DateTimePickerHelper.jsm (deflated 66%)
 1:46.22   adding: bluegriffon/modules/debug.js (deflated 53%)
 1:46.22   adding: bluegriffon/modules/DeferredSave.jsm (deflated 65%)
 1:46.22   adding: bluegriffon/modules/DeferredTask.jsm (deflated 68%)
 1:46.24   adding: bluegriffon/modules/Deprecated.jsm (deflated 56%)
 1:46.24   adding: bluegriffon/modules/devtools/Console.jsm (deflated 50%)
 1:46.24   adding: bluegriffon/modules/devtools/dbg-client.jsm (deflated 59%)
 1:46.25   adding: bluegriffon/modules/devtools/dbg-server.jsm (deflated 48%)
 1:46.26   adding: bluegriffon/modules/devtools/devtools.js (deflated 35%)
 1:46.26   adding: bluegriffon/modules/devtools/event-emitter.js (deflated 55%)
 1:46.26   adding: bluegriffon/modules/devtools/gDevTools.jsm (deflated 50%)
 1:46.27   adding: bluegriffon/modules/devtools/Loader.jsm (deflated 50%)
 1:46.28   adding: bluegriffon/modules/devtools/shared/Loader.jsm (deflated 50%)
 1:46.30   adding: bluegriffon/modules/DNSPacket.jsm (deflated 74%)
 1:46.30   adding: bluegriffon/modules/DNSRecord.jsm (deflated 57%)
 1:46.30   adding: bluegriffon/modules/DNSResourceRecord.jsm (deflated 71%)
 1:46.30   adding: bluegriffon/modules/DNSTypes.jsm (deflated 71%)
 1:46.30   adding: bluegriffon/modules/DOMRequestHelper.jsm (deflated 72%)
 1:46.33   adding: bluegriffon/modules/DownloadCore.jsm (deflated 78%)
 1:46.33   adding: bluegriffon/modules/DownloadImport.jsm (deflated 67%)
 1:46.33   adding: bluegriffon/modules/DownloadIntegration.jsm (deflated 75%)
 1:46.35   adding: bluegriffon/modules/DownloadLastDir.jsm (deflated 71%)
 1:46.38   adding: bluegriffon/modules/DownloadList.jsm (deflated 77%)
 1:46.39   adding: bluegriffon/modules/DownloadPaths.jsm (deflated 56%)
 1:46.41   adding: bluegriffon/modules/Downloads.jsm (deflated 73%)
 1:46.41   adding: bluegriffon/modules/DownloadStore.jsm (deflated 67%)
 1:46.41   adding: bluegriffon/modules/DownloadUIHelper.jsm (deflated 69%)
 1:46.42   adding: bluegriffon/modules/DownloadUtils.jsm (deflated 71%)
 1:46.42   adding: bluegriffon/modules/editorHelper.jsm (deflated 74%)
 1:46.44   adding: bluegriffon/modules/Extension.jsm (deflated 72%)
 1:46.44   adding: bluegriffon/modules/ExtensionAPI.jsm (deflated 62%)
 1:46.44   adding: bluegriffon/modules/ExtensionChild.jsm (deflated 75%)
 1:46.45   adding: bluegriffon/modules/ExtensionCommon.jsm (deflated 75%)
 1:46.45   adding: bluegriffon/modules/ExtensionContent.jsm (deflated 70%)
 1:46.45   adding: bluegriffon/modules/ExtensionManagement.jsm (deflated 65%)
 1:46.47   adding: bluegriffon/modules/ExtensionPageChild.jsm (deflated 72%)
 1:46.47   adding: bluegriffon/modules/ExtensionParent.jsm (deflated 73%)
 1:46.48   adding: bluegriffon/modules/ExtensionPermissions.jsm (deflated 71%)
 1:46.48   adding: bluegriffon/modules/ExtensionPreferencesManager.jsm (deflated 75%)
 1:46.48   adding: bluegriffon/modules/ExtensionSettingsStore.jsm (deflated 75%)
 1:46.48   adding: bluegriffon/modules/ExtensionStorage.jsm (deflated 70%)
 1:46.50   adding: bluegriffon/modules/ExtensionStorageSync.jsm (deflated 72%)
 1:46.50   adding: bluegriffon/modules/ExtensionTabs.jsm (deflated 80%)
 1:46.51   adding: bluegriffon/modules/ExtensionUtils.jsm (deflated 71%)
 1:46.51   adding: bluegriffon/modules/fileChanges.jsm (deflated 72%)
 1:46.53   adding: bluegriffon/modules/fileHelper.jsm (deflated 76%)
 1:46.53   adding: bluegriffon/modules/filePicker.jsm (deflated 65%)
 1:46.53   adding: bluegriffon/modules/FileUtils.jsm (deflated 72%)
 1:46.54   adding: bluegriffon/modules/Finder.jsm (deflated 73%)
 1:46.56   adding: bluegriffon/modules/FinderHighlighter.jsm (deflated 74%)
 1:46.56   adding: bluegriffon/modules/FinderIterator.jsm (deflated 73%)
 1:46.59   adding: bluegriffon/modules/fireFtp.jsm (deflated 81%)
 1:46.59   adding: bluegriffon/modules/ForgetAboutSite.jsm (deflated 69%)
 1:46.59   adding: bluegriffon/modules/FormAutofill.jsm (deflated 61%)
 1:46.59   adding: bluegriffon/modules/FormAutofillIntegration.jsm (deflated 62%)
 1:46.59   adding: bluegriffon/modules/FormData.jsm (deflated 66%)
 1:46.61   adding: bluegriffon/modules/FormHistory.jsm (deflated 73%)
 1:46.62   adding: bluegriffon/modules/FormLikeFactory.jsm (deflated 64%)
 1:46.63   adding: bluegriffon/modules/FxAccounts.jsm (deflated 74%)
 1:46.63   adding: bluegriffon/modules/FxAccountsClient.jsm (deflated 75%)
 1:46.64   adding: bluegriffon/modules/FxAccountsCommon.js (deflated 80%)
 1:46.64   adding: bluegriffon/modules/FxAccountsConfig.jsm (deflated 72%)
 1:46.64   adding: bluegriffon/modules/FxAccountsOAuthGrantClient.jsm (deflated 68%)
 1:46.64   adding: bluegriffon/modules/FxAccountsProfile.jsm (deflated 63%)
 1:46.65   adding: bluegriffon/modules/FxAccountsProfileClient.jsm (deflated 69%)
 1:46.65   adding: bluegriffon/modules/FxAccountsStorage.jsm (deflated 71%)
 1:46.65   adding: bluegriffon/modules/FxAccountsWebChannel.jsm (deflated 67%)
 1:46.67   adding: bluegriffon/modules/GCTelemetry.jsm (deflated 62%)
 1:46.67   adding: bluegriffon/modules/Geometry.jsm (deflated 72%)
 1:46.68   adding: bluegriffon/modules/GMPInstallManager.jsm (deflated 69%)
 1:46.68   adding: bluegriffon/modules/GMPUtils.jsm (deflated 70%)
 1:46.68   adding: bluegriffon/modules/handlersManager.jsm (deflated 51%)
 1:46.68   adding: bluegriffon/modules/HiddenFrame.jsm (deflated 62%)
 1:46.68   adding: bluegriffon/modules/Http.jsm (deflated 57%)
 1:46.68   adding: bluegriffon/modules/ImageObjectProcessor.jsm (deflated 63%)
 1:46.70   adding: bluegriffon/modules/IndexedDB.jsm (deflated 75%)
 1:46.70   adding: bluegriffon/modules/IndexedDBHelper.jsm (deflated 68%)
 1:46.70   adding: bluegriffon/modules/InlineSpellChecker.jsm (deflated 73%)
 1:46.70   adding: bluegriffon/modules/InlineSpellCheckerContent.jsm (deflated 70%)
 1:46.70   adding: bluegriffon/modules/InsecurePasswordUtils.jsm (deflated 65%)
 1:46.70   adding: bluegriffon/modules/Integration.jsm (deflated 66%)
 1:46.70   adding: bluegriffon/modules/ISO8601DateUtils.jsm (deflated 62%)
 1:46.70   adding: bluegriffon/modules/jsdebugger.jsm (deflated 66%)
 1:46.71   adding: bluegriffon/modules/JSONFile.jsm (deflated 69%)
 1:46.71   adding: bluegriffon/modules/l10nHelper.jsm (deflated 64%)
 1:46.71   adding: bluegriffon/modules/LegacyExtensionsUtils.jsm (deflated 69%)
 1:46.73   adding: bluegriffon/modules/LightweightThemeConsumer.jsm (deflated 67%)
 1:46.73   adding: bluegriffon/modules/LightweightThemeManager.jsm (deflated 73%)
 1:46.75   adding: bluegriffon/modules/LoadContextInfo.jsm (deflated 43%)
 1:46.75   adding: bluegriffon/modules/Locale.jsm (deflated 61%)
 1:46.75   adding: bluegriffon/modules/Log.jsm (deflated 70%)
 1:46.76   adding: bluegriffon/modules/LoginHelper.jsm (deflated 73%)
 1:46.76   adding: bluegriffon/modules/LoginImport.jsm (deflated 69%)
 1:46.78   adding: bluegriffon/modules/LoginManagerContent.jsm (deflated 74%)
 1:46.80   adding: bluegriffon/modules/LoginManagerParent.jsm (deflated 73%)
 1:46.82   adding: bluegriffon/modules/LoginRecipes.jsm (deflated 65%)
 1:46.84   adding: bluegriffon/modules/LoginStore.jsm (deflated 58%)
 1:46.84   adding: bluegriffon/modules/lz4.js (deflated 64%)
 1:46.84   adding: bluegriffon/modules/lz4_internal.js (deflated 63%)
 1:46.85   adding: bluegriffon/modules/Manifest.jsm (deflated 65%)
 1:46.85   adding: bluegriffon/modules/ManifestFinder.jsm (deflated 55%)
 1:46.85   adding: bluegriffon/modules/ManifestIcons.jsm (deflated 55%)
 1:46.85   adding: bluegriffon/modules/ManifestObtainer.jsm (deflated 62%)
 1:46.87   adding: bluegriffon/modules/ManifestProcessor.jsm (deflated 74%)
 1:46.87   adding: bluegriffon/modules/MatchPattern.jsm (deflated 68%)
 1:46.87   adding: bluegriffon/modules/media/IdpSandbox.jsm (deflated 63%)
 1:46.87   adding: bluegriffon/modules/media/PeerConnectionIdp.jsm (deflated 68%)
 1:46.88   adding: bluegriffon/modules/media/RTCStatsReport.jsm (deflated 59%)
 1:46.88   adding: bluegriffon/modules/Memory.jsm (deflated 57%)
 1:46.88   adding: bluegriffon/modules/MessageChannel.jsm (deflated 74%)
 1:46.94   adding: bluegriffon/modules/microformat-shiv.js (deflated 84%)
 1:46.96   adding: bluegriffon/modules/MulticastDNS.jsm (deflated 75%)
 1:46.96   adding: bluegriffon/modules/narrate/NarrateControls.jsm (deflated 69%)
 1:46.96   adding: bluegriffon/modules/narrate/Narrator.jsm (deflated 68%)
 1:46.96   adding: bluegriffon/modules/narrate/VoiceSelect.jsm (deflated 72%)
 1:46.97   adding: bluegriffon/modules/NativeMessaging.jsm (deflated 69%)
 1:46.97   adding: bluegriffon/modules/NetUtil.jsm (deflated 76%)
 1:46.99   adding: bluegriffon/modules/NewTabUtils.jsm (deflated 73%)
 1:46.99   adding: bluegriffon/modules/NLP.jsm (deflated 54%)
 1:46.99   adding: bluegriffon/modules/NotificationDB.jsm (deflated 73%)
 1:46.99   adding: bluegriffon/modules/nsFormAutoCompleteResult.jsm (deflated 71%)
 1:47.00   adding: bluegriffon/modules/ObjectUtils.jsm (deflated 61%)
 1:47.00   adding: bluegriffon/modules/OSCrypto.jsm (deflated 41%)
 1:47.00   adding: bluegriffon/modules/OSCrypto_win.js (deflated 76%)
 1:47.02   adding: bluegriffon/modules/osfile/osfile_async_front.jsm (deflated 72%)
 1:47.02   adding: bluegriffon/modules/osfile/osfile_async_worker.js (deflated 74%)
 1:47.02   adding: bluegriffon/modules/osfile/osfile_native.jsm (deflated 60%)
 1:47.02   adding: bluegriffon/modules/osfile/osfile_shared_allthreads.jsm (deflated 74%)
 1:47.03   adding: bluegriffon/modules/osfile/osfile_shared_front.jsm (deflated 67%)
 1:47.03   adding: bluegriffon/modules/osfile/osfile_win_allthreads.jsm (deflated 71%)
 1:47.03   adding: bluegriffon/modules/osfile/osfile_win_back.jsm (deflated 80%)
 1:47.05   adding: bluegriffon/modules/osfile/osfile_win_front.jsm (deflated 76%)
 1:47.05   adding: bluegriffon/modules/osfile/ospath.jsm (deflated 53%)
 1:47.05   adding: bluegriffon/modules/osfile/ospath_unix.jsm (deflated 60%)
 1:47.05   adding: bluegriffon/modules/osfile/ospath_win.jsm (deflated 65%)
 1:47.05   adding: bluegriffon/modules/osfile.jsm (deflated 49%)
 1:47.05   adding: bluegriffon/modules/PageMenu.jsm (deflated 69%)
 1:47.06   adding: bluegriffon/modules/PageMetadata.jsm (deflated 70%)
 1:47.06   adding: bluegriffon/modules/PageThumbs.jsm (deflated 70%)
 1:47.08   adding: bluegriffon/modules/PageThumbsWorker.js (deflated 63%)
 1:47.08   adding: bluegriffon/modules/PageThumbUtils.jsm (deflated 68%)
 1:47.08   adding: bluegriffon/modules/PerfMeasurement.jsm (deflated 39%)
 1:47.10   adding: bluegriffon/modules/PerformanceStats-content.js (deflated 66%)
 1:47.11   adding: bluegriffon/modules/PerformanceStats.jsm (deflated 72%)
 1:47.11   adding: bluegriffon/modules/PerformanceWatcher-content.js (deflated 51%)
 1:47.13   adding: bluegriffon/modules/PerformanceWatcher.jsm (deflated 66%)
 1:47.13   adding: bluegriffon/modules/PermissionsUtils.jsm (deflated 63%)
 1:47.13   adding: bluegriffon/modules/PluralForm.jsm (deflated 62%)
 1:47.14   adding: bluegriffon/modules/PopupNotifications.jsm (deflated 76%)
 1:47.14   adding: bluegriffon/modules/Preferences.jsm (deflated 70%)
 1:47.15   adding: bluegriffon/modules/Prefetcher.jsm (deflated 71%)
 1:47.15   adding: bluegriffon/modules/presentation/ControllerStateMachine.jsm (deflated 78%)
 1:47.16   adding: bluegriffon/modules/presentation/ReceiverStateMachine.jsm (deflated 78%)
 1:47.16   adding: bluegriffon/modules/presentation/StateMachineHelper.jsm (deflated 56%)
 1:47.16   adding: bluegriffon/modules/PresentationDeviceInfoManager.jsm (deflated 66%)
 1:47.16   adding: bluegriffon/modules/printHelper.jsm (deflated 71%)
 1:47.16   adding: bluegriffon/modules/PrivateBrowsingUtils.jsm (deflated 62%)
 1:47.17   adding: bluegriffon/modules/ProfileAge.jsm (deflated 65%)
 1:47.17   adding: bluegriffon/modules/Profiler.jsm (deflated 33%)
 1:47.17   adding: bluegriffon/modules/projectManager.jsm (deflated 74%)
 1:47.17   adding: bluegriffon/modules/Promise-backend.js (deflated 72%)
 1:47.17   adding: bluegriffon/modules/Promise.jsm (deflated 59%)
 1:47.19   adding: bluegriffon/modules/PromiseMessage.jsm (deflated 47%)
 1:47.19   adding: bluegriffon/modules/PromiseUtils.jsm (deflated 57%)
 1:47.19   adding: bluegriffon/modules/PromiseWorker.jsm (deflated 67%)
 1:47.19   adding: bluegriffon/modules/prompterHelper.jsm (deflated 68%)
 1:47.19   adding: bluegriffon/modules/PropertyListUtils.jsm (deflated 72%)
 1:47.20   adding: bluegriffon/modules/ProxyScriptContext.jsm (deflated 68%)
 1:47.20   adding: bluegriffon/modules/PushCrypto.jsm (deflated 69%)
 1:47.20   adding: bluegriffon/modules/PushDB.jsm (deflated 76%)
 1:47.20   adding: bluegriffon/modules/PushRecord.jsm (deflated 65%)
 1:47.25   adding: bluegriffon/modules/PushService.jsm (deflated 76%)
 1:47.28   adding: bluegriffon/modules/PushServiceHttp2.jsm (deflated 76%)
 1:47.29   adding: bluegriffon/modules/PushServiceWebSocket.jsm (deflated 73%)
 1:47.29   adding: bluegriffon/modules/reader/JSDOMParser.js (deflated 74%)
 1:47.32   adding: bluegriffon/modules/reader/Readability.js (deflated 71%)
 1:47.32   adding: bluegriffon/modules/reader/ReaderWorker.js (deflated 53%)
 1:47.32   adding: bluegriffon/modules/reader/ReaderWorker.jsm (deflated 36%)
 1:47.32   adding: bluegriffon/modules/ReaderMode.jsm (deflated 69%)
 1:47.33   adding: bluegriffon/modules/reflect.jsm (deflated 40%)
 1:47.33   adding: bluegriffon/modules/RemoteAddonsChild.jsm (deflated 72%)
 1:47.34   adding: bluegriffon/modules/RemoteAddonsParent.jsm (deflated 77%)
 1:47.34   adding: bluegriffon/modules/RemoteController.jsm (deflated 61%)
 1:47.34   adding: bluegriffon/modules/RemoteFinder.jsm (deflated 79%)
 1:47.34   adding: bluegriffon/modules/RemotePageManager.jsm (deflated 74%)
 1:47.35   adding: bluegriffon/modules/RemoteSecurityUI.jsm (deflated 47%)
 1:47.35   adding: bluegriffon/modules/RemoteWebProgress.jsm (deflated 72%)
 1:47.35   adding: bluegriffon/modules/RequestAutocompleteUI.jsm (deflated 57%)
 1:47.36   adding: bluegriffon/modules/ResetProfile.jsm (deflated 55%)
 1:47.36   adding: bluegriffon/modules/ResponsivenessMonitor.jsm (deflated 49%)
 1:47.37   adding: bluegriffon/modules/RokuApp.jsm (deflated 66%)
 1:47.37   adding: bluegriffon/modules/SafeBrowsing.jsm (deflated 77%)
 1:47.38   adding: bluegriffon/modules/Schemas.jsm (deflated 76%)
 1:47.38   adding: bluegriffon/modules/screens.jsm (deflated 77%)
 1:47.39   adding: bluegriffon/modules/ScrollPosition.jsm (deflated 60%)
 1:47.39   adding: bluegriffon/modules/sdk/bootstrap.js (deflated 63%)
 1:47.39   adding: bluegriffon/modules/sdk/system/Startup.js (deflated 53%)
 1:47.40   adding: bluegriffon/modules/SearchStaticData.jsm (deflated 66%)
 1:47.40   adding: bluegriffon/modules/SearchSuggestionController.jsm (deflated 68%)
 1:47.40   adding: bluegriffon/modules/SelectContentHelper.jsm (deflated 75%)
 1:47.41   adding: bluegriffon/modules/SelectParentHelper.jsm (deflated 72%)
 1:47.41   adding: bluegriffon/modules/ServiceRequest.jsm (deflated 47%)
 1:47.42   adding: bluegriffon/modules/services-common/async.js (deflated 64%)
 1:47.42   adding: bluegriffon/modules/services-common/blocklist-clients.js (deflated 71%)
 1:47.42   adding: bluegriffon/modules/services-common/blocklist-updater.js (deflated 64%)
 1:47.43   adding: bluegriffon/modules/services-common/hawkclient.js (deflated 64%)
 1:47.43   adding: bluegriffon/modules/services-common/hawkrequest.js (deflated 63%)
 1:47.45   adding: bluegriffon/modules/services-common/kinto-http-client.js (deflated 79%)
 1:47.47   adding: bluegriffon/modules/services-common/kinto-offline-client.js (deflated 76%)
 1:47.47   adding: bluegriffon/modules/services-common/kinto-storage-adapter.js (deflated 72%)
 1:47.47   adding: bluegriffon/modules/services-common/logmanager.js (deflated 65%)
 1:47.47   adding: bluegriffon/modules/services-common/observers.js (deflated 64%)
 1:47.48   adding: bluegriffon/modules/services-common/rest.js (deflated 73%)
 1:47.48   adding: bluegriffon/modules/services-common/tokenserverclient.js (deflated 69%)
 1:47.49   adding: bluegriffon/modules/services-common/utils.js (deflated 68%)
 1:47.49   adding: bluegriffon/modules/services-crypto/jwcrypto.jsm (deflated 65%)
 1:47.50   adding: bluegriffon/modules/services-crypto/utils.js (deflated 72%)
 1:47.50   adding: bluegriffon/modules/services-crypto/WeaveCrypto.js (deflated 69%)
 1:47.50   adding: bluegriffon/modules/Services.jsm (deflated 68%)
 1:47.51   adding: bluegriffon/modules/SessionRecorder.jsm (deflated 68%)
 1:47.51   adding: bluegriffon/modules/sessionstore/PrivacyLevel.jsm (deflated 50%)
 1:47.51   adding: bluegriffon/modules/sessionstore/SessionHistory.jsm (deflated 71%)
 1:47.51   adding: bluegriffon/modules/sessionstore/Utils.jsm (deflated 64%)
 1:47.52   adding: bluegriffon/modules/SharedPromptUtils.jsm (deflated 66%)
 1:47.52   adding: bluegriffon/modules/ShimWaiver.jsm (deflated 31%)
 1:47.52   adding: bluegriffon/modules/ShortcutUtils.jsm (deflated 69%)
 1:47.52   adding: bluegriffon/modules/SimpleServiceDiscovery.jsm (deflated 68%)
 1:47.52   adding: bluegriffon/modules/Sntp.jsm (deflated 69%)
 1:47.54   adding: bluegriffon/modules/Sqlite.jsm (deflated 73%)
 1:47.54   adding: bluegriffon/modules/subprocess/subprocess_common.jsm (deflated 74%)
 1:47.54   adding: bluegriffon/modules/subprocess/subprocess_shared.js (deflated 58%)
 1:47.55   adding: bluegriffon/modules/subprocess/subprocess_shared_win.js (deflated 74%)
 1:47.55   adding: bluegriffon/modules/subprocess/subprocess_win.jsm (deflated 61%)
 1:47.55   adding: bluegriffon/modules/subprocess/subprocess_worker_common.js (deflated 65%)
 1:47.55   adding: bluegriffon/modules/subprocess/subprocess_worker_win.js (deflated 71%)
 1:47.55   adding: bluegriffon/modules/Subprocess.jsm (deflated 62%)
 1:47.57   adding: bluegriffon/modules/Task.jsm (deflated 67%)
 1:47.57   adding: bluegriffon/modules/TelemetryArchive.jsm (deflated 63%)
 1:47.57   adding: bluegriffon/modules/TelemetryController.jsm (deflated 77%)
 1:47.58   adding: bluegriffon/modules/TelemetryEnvironment.jsm (deflated 76%)
 1:47.58   adding: bluegriffon/modules/TelemetryLog.jsm (deflated 43%)
 1:47.58   adding: bluegriffon/modules/TelemetryModules.jsm (deflated 62%)
 1:47.58   adding: bluegriffon/modules/TelemetryReportingPolicy.jsm (deflated 71%)
 1:47.60   adding: bluegriffon/modules/TelemetrySend.jsm (deflated 73%)
 1:47.62   adding: bluegriffon/modules/TelemetrySession.jsm (deflated 74%)
 1:47.62   adding: bluegriffon/modules/TelemetryStopwatch.jsm (deflated 81%)
 1:47.62   adding: bluegriffon/modules/TelemetryStorage.jsm (deflated 79%)
 1:47.63   adding: bluegriffon/modules/TelemetryTimestamps.jsm (deflated 49%)
 1:47.63   adding: bluegriffon/modules/TelemetryUtils.jsm (deflated 64%)
 1:47.63   adding: bluegriffon/modules/ThirdPartyCookieProbe.jsm (deflated 63%)
 1:47.63   adding: bluegriffon/modules/third_party/jsesc/jsesc.js (deflated 63%)
 1:47.63   adding: bluegriffon/modules/Timer.jsm (deflated 57%)
 1:47.63   adding: bluegriffon/modules/Troubleshoot.jsm (deflated 69%)
 1:47.64   adding: bluegriffon/modules/UITelemetry.jsm (deflated 65%)
 1:48.03   adding: bluegriffon/modules/unicodeHelper.jsm (deflated 85%)
 1:48.03   adding: bluegriffon/modules/UpdateUtils.jsm (deflated 71%)
 1:48.03   adding: bluegriffon/modules/urlHelper.jsm (deflated 73%)
 1:48.03   adding: bluegriffon/modules/UserAgentOverrides.jsm (deflated 67%)
 1:48.05   adding: bluegriffon/modules/UserAgentUpdates.jsm (deflated 68%)
 1:48.08   adding: bluegriffon/modules/ValueExtractor.jsm (deflated 60%)
 1:48.09   adding: bluegriffon/modules/ViewSourceBrowser.jsm (deflated 68%)
 1:48.09   adding: bluegriffon/modules/vtt.jsm (deflated 71%)
 1:48.09   adding: bluegriffon/modules/WebChannel.jsm (deflated 71%)
 1:48.10   adding: bluegriffon/modules/WebNavigation.jsm (deflated 72%)
 1:48.15   adding: bluegriffon/modules/WebNavigationContent.js (deflated 75%)
 1:48.15   adding: bluegriffon/modules/WebNavigationFrames.jsm (deflated 67%)
 1:48.16   adding: bluegriffon/modules/WebRequest.jsm (deflated 76%)
 1:48.16   adding: bluegriffon/modules/WebRequestCommon.jsm (deflated 66%)
 1:48.16   adding: bluegriffon/modules/WebRequestContent.js (deflated 67%)
 1:48.16   adding: bluegriffon/modules/WebRequestUpload.jsm (deflated 71%)
 1:48.18   adding: bluegriffon/modules/WindowDraggingUtils.jsm (deflated 63%)
 1:48.18   adding: bluegriffon/modules/WindowsRegistry.jsm (deflated 67%)
 1:48.19   adding: bluegriffon/modules/workers/PromiseWorker.js (deflated 62%)
 1:48.19   adding: bluegriffon/modules/workers/require.js (deflated 60%)
 1:48.19   adding: bluegriffon/modules/XPathGenerator.jsm (deflated 57%)
 1:48.19   adding: bluegriffon/modules/XPCOMUtils.jsm (deflated 71%)
 1:48.19   adding: bluegriffon/modules/ZipUtils.jsm (deflated 69%)
 1:48.67   adding: bluegriffon/mozavcodec.dll (deflated 67%)
 1:48.70   adding: bluegriffon/mozavutil.dll (deflated 64%)
 1:48.73   adding: bluegriffon/mozglue.dll (deflated 47%)
 1:49.15   adding: bluegriffon/nss3.dll (deflated 47%)
 1:49.24   adding: bluegriffon/nssckbi.dll (deflated 57%)
 1:49.27   adding: bluegriffon/platform.ini (deflated 6%)
 1:49.27   adding: bluegriffon/plugin-container.exe (deflated 54%)
 1:49.36   adding: bluegriffon/plugin-hang-ui.exe (deflated 53%)
 1:49.42   adding: bluegriffon/precomplete (deflated 85%)
 1:49.42   adding: bluegriffon/qipcap64.dll (deflated 55%)
 1:49.42   adding: bluegriffon/removed-files (stored 0%)
 1:49.48   adding: bluegriffon/res/base-min.css (deflated 43%)
 1:49.49   adding: bluegriffon/res/cm2.html (deflated 76%)
 1:49.53   adding: bluegriffon/res/codemirror/addon/comment/comment.js (deflated 74%)
 1:49.53   adding: bluegriffon/res/codemirror/addon/comment/continuecomment.js (deflated 64%)
 1:49.53   adding: bluegriffon/res/codemirror/addon/dialog/dialog.css (deflated 49%)
 1:49.53   adding: bluegriffon/res/codemirror/addon/dialog/dialog.js (deflated 69%)
 1:49.54   adding: bluegriffon/res/codemirror/addon/display/fullscreen.css (deflated 17%)
 1:49.54   adding: bluegriffon/res/codemirror/addon/display/fullscreen.js (deflated 58%)
 1:49.54   adding: bluegriffon/res/codemirror/addon/display/panel.js (deflated 69%)
 1:49.54   adding: bluegriffon/res/codemirror/addon/display/placeholder.js (deflated 62%)
 1:49.54   adding: bluegriffon/res/codemirror/addon/display/rulers.js (deflated 59%)
 1:49.54   adding: bluegriffon/res/codemirror/addon/edit/closebrackets.js (deflated 71%)
 1:49.54   adding: bluegriffon/res/codemirror/addon/edit/closetag.js (deflated 67%)
 1:49.56   adding: bluegriffon/res/codemirror/addon/edit/continuelist.js (deflated 55%)
 1:49.56   adding: bluegriffon/res/codemirror/addon/edit/matchbrackets.js (deflated 64%)
 1:49.56   adding: bluegriffon/res/codemirror/addon/edit/matchtags.js (deflated 64%)
 1:49.56   adding: bluegriffon/res/codemirror/addon/edit/trailingspace.js (deflated 50%)
 1:49.56   adding: bluegriffon/res/codemirror/addon/fold/brace-fold.js (deflated 67%)
 1:49.56   adding: bluegriffon/res/codemirror/addon/fold/comment-fold.js (deflated 58%)
 1:49.56   adding: bluegriffon/res/codemirror/addon/fold/foldcode.js (deflated 68%)
 1:49.57   adding: bluegriffon/res/codemirror/addon/fold/foldgutter.css (deflated 55%)
 1:49.57   adding: bluegriffon/res/codemirror/addon/fold/foldgutter.js (deflated 70%)
 1:49.57   adding: bluegriffon/res/codemirror/addon/fold/indent-fold.js (deflated 54%)
 1:49.57   adding: bluegriffon/res/codemirror/addon/fold/markdown-fold.js (deflated 57%)
 1:49.57   adding: bluegriffon/res/codemirror/addon/fold/xml-fold.js (deflated 72%)
 1:49.57   adding: bluegriffon/res/codemirror/addon/hint/anyword-hint.js (deflated 52%)
 1:49.57   adding: bluegriffon/res/codemirror/addon/hint/css-hint.js (deflated 59%)
 1:49.59   adding: bluegriffon/res/codemirror/addon/hint/html-hint.js (deflated 69%)
 1:49.59   adding: bluegriffon/res/codemirror/addon/hint/javascript-hint.js (deflated 66%)
 1:49.59   adding: bluegriffon/res/codemirror/addon/hint/show-hint.css (deflated 52%)
 1:49.59   adding: bluegriffon/res/codemirror/addon/hint/show-hint.js (deflated 72%)
 1:49.59   adding: bluegriffon/res/codemirror/addon/hint/sql-hint.js (deflated 69%)
 1:49.59   adding: bluegriffon/res/codemirror/addon/hint/xml-hint.js (deflated 67%)
 1:49.59   adding: bluegriffon/res/codemirror/addon/lint/coffeescript-lint.js (deflated 55%)
 1:49.60   adding: bluegriffon/res/codemirror/addon/lint/css-lint.js (deflated 51%)
 1:49.60   adding: bluegriffon/res/codemirror/addon/lint/javascript-lint.js (deflated 64%)
 1:49.60   adding: bluegriffon/res/codemirror/addon/lint/json-lint.js (deflated 48%)
 1:49.60   adding: bluegriffon/res/codemirror/addon/lint/lint.css (deflated 59%)
 1:49.60   adding: bluegriffon/res/codemirror/addon/lint/lint.js (deflated 69%)
 1:49.60   adding: bluegriffon/res/codemirror/addon/lint/yaml-lint.js (deflated 45%)
 1:49.60   adding: bluegriffon/res/codemirror/addon/merge/merge.css (deflated 73%)
 1:49.63   adding: bluegriffon/res/codemirror/addon/merge/merge.js (deflated 73%)
 1:49.63   adding: bluegriffon/res/codemirror/addon/mode/loadmode.js (deflated 62%)
 1:49.63   adding: bluegriffon/res/codemirror/addon/mode/multiplex.js (deflated 72%)
 1:49.63   adding: bluegriffon/res/codemirror/addon/mode/multiplex_test.js (deflated 49%)
 1:49.63   adding: bluegriffon/res/codemirror/addon/mode/overlay.js (deflated 66%)
 1:49.63   adding: bluegriffon/res/codemirror/addon/mode/simple.js (deflated 71%)
 1:49.65   adding: bluegriffon/res/codemirror/addon/runmode/colorize.js (deflated 49%)
 1:49.65   adding: bluegriffon/res/codemirror/addon/runmode/runmode-standalone.js (deflated 66%)
 1:49.65   adding: bluegriffon/res/codemirror/addon/runmode/runmode.js (deflated 59%)
 1:49.65   adding: bluegriffon/res/codemirror/addon/runmode/runmode.node.js (deflated 65%)
 1:49.65   adding: bluegriffon/res/codemirror/addon/scroll/annotatescrollbar.js (deflated 65%)
 1:49.66   adding: bluegriffon/res/codemirror/addon/scroll/scrollpastend.js (deflated 59%)
 1:49.66   adding: bluegriffon/res/codemirror/addon/scroll/simplescrollbars.css (deflated 76%)
 1:49.66   adding: bluegriffon/res/codemirror/addon/scroll/simplescrollbars.js (deflated 70%)
 1:49.66   adding: bluegriffon/res/codemirror/addon/search/match-highlighter.js (deflated 65%)
 1:49.66   adding: bluegriffon/res/codemirror/addon/search/matchesonscrollbar.css (deflated 37%)
 1:49.66   adding: bluegriffon/res/codemirror/addon/search/matchesonscrollbar.js (deflated 68%)
 1:49.68   adding: bluegriffon/res/codemirror/addon/search/search.js (deflated 70%)
 1:49.68   adding: bluegriffon/res/codemirror/addon/search/searchcursor.js (deflated 71%)
 1:49.68   adding: bluegriffon/res/codemirror/addon/selection/active-line.js (deflated 63%)
 1:49.68   adding: bluegriffon/res/codemirror/addon/selection/mark-selection.js (deflated 67%)
 1:49.68   adding: bluegriffon/res/codemirror/addon/selection/selection-pointer.js (deflated 69%)
 1:49.68   adding: bluegriffon/res/codemirror/addon/tern/tern.css (deflated 68%)
 1:49.69   adding: bluegriffon/res/codemirror/addon/tern/tern.js (deflated 69%)
 1:49.69   adding: bluegriffon/res/codemirror/addon/tern/worker.js (deflated 52%)
 1:49.69   adding: bluegriffon/res/codemirror/addon/wrap/hardwrap.js (deflated 67%)
 1:49.69   adding: bluegriffon/res/codemirror/lib/codemirror.css (deflated 69%)
 1:49.77   adding: bluegriffon/res/codemirror/lib/codemirror.js (deflated 73%)
 1:49.77   adding: bluegriffon/res/codemirror/mode/apl/apl.js (deflated 63%)
 1:49.77   adding: bluegriffon/res/codemirror/mode/apl/index.html (deflated 48%)
 1:49.77   adding: bluegriffon/res/codemirror/mode/asciiarmor/asciiarmor.js (deflated 68%)
 1:49.78   adding: bluegriffon/res/codemirror/mode/asciiarmor/index.html (deflated 49%)
 1:49.78   adding: bluegriffon/res/codemirror/mode/asterisk/asterisk.js (deflated 68%)
 1:49.79   adding: bluegriffon/res/codemirror/mode/asterisk/index.html (deflated 54%)
 1:49.79   adding: bluegriffon/res/codemirror/mode/clike/clike.js (deflated 71%)
 1:49.80   adding: bluegriffon/res/codemirror/mode/clike/index.html (deflated 65%)
 1:49.80   adding: bluegriffon/res/codemirror/mode/clike/scala.html (deflated 76%)
 1:49.80   adding: bluegriffon/res/codemirror/mode/clojure/clojure.js (deflated 66%)
 1:49.80   adding: bluegriffon/res/codemirror/mode/clojure/index.html (deflated 52%)
 1:49.82   adding: bluegriffon/res/codemirror/mode/cmake/cmake.js (deflated 62%)
 1:49.82   adding: bluegriffon/res/codemirror/mode/cmake/index.html (deflated 56%)
 1:49.82   adding: bluegriffon/res/codemirror/mode/cobol/cobol.js (deflated 63%)
 1:49.82   adding: bluegriffon/res/codemirror/mode/cobol/index.html (deflated 71%)
 1:49.83   adding: bluegriffon/res/codemirror/mode/coffeescript/coffeescript.js (deflated 72%)
 1:49.83   adding: bluegriffon/res/codemirror/mode/coffeescript/index.html (deflated 65%)
 1:49.83   adding: bluegriffon/res/codemirror/mode/commonlisp/commonlisp.js (deflated 65%)
 1:49.83   adding: bluegriffon/res/codemirror/mode/commonlisp/index.html (deflated 71%)
 1:49.85   adding: bluegriffon/res/codemirror/mode/css/css.js (deflated 75%)
 1:49.85   adding: bluegriffon/res/codemirror/mode/css/index.html (deflated 55%)
 1:49.85   adding: bluegriffon/res/codemirror/mode/css/less.html (deflated 57%)
 1:49.85   adding: bluegriffon/res/codemirror/mode/css/less_test.js (deflated 64%)
 1:49.85   adding: bluegriffon/res/codemirror/mode/css/scss.html (deflated 56%)
 1:49.86   adding: bluegriffon/res/codemirror/mode/css/scss_test.js (deflated 69%)
 1:49.86   adding: bluegriffon/res/codemirror/mode/css/test.js (deflated 74%)
 1:49.86   adding: bluegriffon/res/codemirror/mode/cypher/cypher.js (deflated 66%)
 1:49.88   adding: bluegriffon/res/codemirror/mode/cypher/index.html (deflated 56%)
 1:49.91   adding: bluegriffon/res/codemirror/mode/d/d.js (deflated 70%)
 1:49.91   adding: bluegriffon/res/codemirror/mode/d/index.html (deflated 66%)
 1:49.92   adding: bluegriffon/res/codemirror/mode/dart/dart.js (deflated 52%)
 1:49.92   adding: bluegriffon/res/codemirror/mode/dart/index.html (deflated 52%)
 1:49.92   adding: bluegriffon/res/codemirror/mode/diff/diff.js (deflated 52%)
 1:49.92   adding: bluegriffon/res/codemirror/mode/diff/index.html (deflated 62%)
 1:49.94   adding: bluegriffon/res/codemirror/mode/django/django.js (deflated 77%)
 1:49.94   adding: bluegriffon/res/codemirror/mode/django/index.html (deflated 57%)
 1:49.95   adding: bluegriffon/res/codemirror/mode/dockerfile/dockerfile.js (deflated 63%)
 1:49.95   adding: bluegriffon/res/codemirror/mode/dockerfile/index.html (deflated 53%)
 1:49.95   adding: bluegriffon/res/codemirror/mode/dtd/dtd.js (deflated 69%)
 1:49.97   adding: bluegriffon/res/codemirror/mode/dtd/index.html (deflated 55%)
 1:49.97   adding: bluegriffon/res/codemirror/mode/dylan/dylan.js (deflated 71%)
 1:49.98   adding: bluegriffon/res/codemirror/mode/dylan/index.html (deflated 78%)
 1:49.98   adding: bluegriffon/res/codemirror/mode/ebnf/ebnf.js (deflated 75%)
 1:49.98   adding: bluegriffon/res/codemirror/mode/ebnf/index.html (deflated 59%)
 1:49.98   adding: bluegriffon/res/codemirror/mode/ecl/ecl.js (deflated 66%)
 1:50.02   adding: bluegriffon/res/codemirror/mode/ecl/index.html (deflated 49%)
 1:50.02   adding: bluegriffon/res/codemirror/mode/eiffel/eiffel.js (deflated 64%)
 1:50.04   adding: bluegriffon/res/codemirror/mode/eiffel/index.html (deflated 75%)
 1:50.08   adding: bluegriffon/res/codemirror/mode/erlang/erlang.js (deflated 74%)
 1:50.09   adding: bluegriffon/res/codemirror/mode/erlang/index.html (deflated 53%)
 1:50.09   adding: bluegriffon/res/codemirror/mode/forth/forth.js (deflated 64%)
 1:50.09   adding: bluegriffon/res/codemirror/mode/forth/index.html (deflated 51%)
 1:50.12   adding: bluegriffon/res/codemirror/mode/fortran/fortran.js (deflated 69%)
 1:50.15   adding: bluegriffon/res/codemirror/mode/fortran/index.html (deflated 60%)
 1:50.17   adding: bluegriffon/res/codemirror/mode/gas/gas.js (deflated 76%)
 1:50.17   adding: bluegriffon/res/codemirror/mode/gas/index.html (deflated 53%)
 1:50.18   adding: bluegriffon/res/codemirror/mode/gfm/gfm.js (deflated 63%)
 1:50.18   adding: bluegriffon/res/codemirror/mode/gfm/index.html (deflated 56%)
 1:50.18   adding: bluegriffon/res/codemirror/mode/gfm/test.js (deflated 80%)
 1:50.20   adding: bluegriffon/res/codemirror/mode/gherkin/gherkin.js (deflated 56%)
 1:50.21   adding: bluegriffon/res/codemirror/mode/gherkin/index.html (deflated 55%)
 1:50.21   adding: bluegriffon/res/codemirror/mode/go/go.js (deflated 68%)
 1:50.23   adding: bluegriffon/res/codemirror/mode/go/index.html (deflated 53%)
 1:50.23   adding: bluegriffon/res/codemirror/mode/groovy/groovy.js (deflated 70%)
 1:50.23   adding: bluegriffon/res/codemirror/mode/groovy/index.html (deflated 52%)
 1:50.23   adding: bluegriffon/res/codemirror/mode/haml/haml.js (deflated 71%)
 1:50.25   adding: bluegriffon/res/codemirror/mode/haml/index.html (deflated 54%)
 1:50.25   adding: bluegriffon/res/codemirror/mode/haml/test.js (deflated 69%)
 1:50.25   adding: bluegriffon/res/codemirror/mode/handlebars/handlebars.js (deflated 60%)
 1:50.28   adding: bluegriffon/res/codemirror/mode/handlebars/index.html (deflated 55%)
 1:50.28   adding: bluegriffon/res/codemirror/mode/haskell/haskell.js (deflated 67%)
 1:50.28   adding: bluegriffon/res/codemirror/mode/haskell/index.html (deflated 55%)
 1:50.28   adding: bluegriffon/res/codemirror/mode/haxe/haxe.js (deflated 75%)
 1:50.28   adding: bluegriffon/res/codemirror/mode/haxe/index.html (deflated 53%)
 1:50.30   adding: bluegriffon/res/codemirror/mode/htmlembedded/htmlembedded.js (deflated 62%)
 1:50.31   adding: bluegriffon/res/codemirror/mode/htmlembedded/index.html (deflated 55%)
 1:50.31   adding: bluegriffon/res/codemirror/mode/htmlmixed/htmlmixed.js (deflated 71%)
 1:50.32   adding: bluegriffon/res/codemirror/mode/htmlmixed/index.html (deflated 57%)
 1:50.32   adding: bluegriffon/res/codemirror/mode/http/http.js (deflated 69%)
 1:50.35   adding: bluegriffon/res/codemirror/mode/http/index.html (deflated 46%)
 1:50.35   adding: bluegriffon/res/codemirror/mode/idl/idl.js (deflated 64%)
 1:50.35   adding: bluegriffon/res/codemirror/mode/idl/index.html (deflated 51%)
 1:50.35   adding: bluegriffon/res/codemirror/mode/jade/index.html (deflated 61%)
 1:50.35   adding: bluegriffon/res/codemirror/mode/jade/jade.js (deflated 80%)
 1:50.35   adding: bluegriffon/res/codemirror/mode/javascript/index.html (deflated 62%)
 1:50.35   adding: bluegriffon/res/codemirror/mode/javascript/javascript.js (deflated 76%)
 1:50.35   adding: bluegriffon/res/codemirror/mode/javascript/json-ld.html (deflated 59%)
 1:50.35   adding: bluegriffon/res/codemirror/mode/javascript/test.js (deflated 75%)
 1:50.39   adding: bluegriffon/res/codemirror/mode/javascript/typescript.html (deflated 53%)
 1:50.39   adding: bluegriffon/res/codemirror/mode/jinja2/index.html (deflated 55%)
 1:50.39   adding: bluegriffon/res/codemirror/mode/jinja2/jinja2.js (deflated 70%)
 1:50.39   adding: bluegriffon/res/codemirror/mode/julia/index.html (deflated 47%)
 1:50.39   adding: bluegriffon/res/codemirror/mode/julia/julia.js (deflated 69%)
 1:50.39   adding: bluegriffon/res/codemirror/mode/kotlin/index.html (deflated 59%)
 1:50.39   adding: bluegriffon/res/codemirror/mode/kotlin/kotlin.js (deflated 72%)
 1:50.39   adding: bluegriffon/res/codemirror/mode/livescript/index.html (deflated 72%)
 1:50.39   adding: bluegriffon/res/codemirror/mode/livescript/livescript.js (deflated 71%)
 1:50.39   adding: bluegriffon/res/codemirror/mode/lua/index.html (deflated 51%)
 1:50.39   adding: bluegriffon/res/codemirror/mode/lua/lua.js (deflated 65%)
 1:50.39   adding: bluegriffon/res/codemirror/mode/markdown/index.html (deflated 65%)
 1:50.41   adding: bluegriffon/res/codemirror/mode/markdown/markdown.js (deflated 77%)
 1:50.43   adding: bluegriffon/res/codemirror/mode/markdown/test.js (deflated 80%)
 1:50.44   adding: bluegriffon/res/codemirror/mode/mirc/index.html (deflated 61%)
 1:50.44   adding: bluegriffon/res/codemirror/mode/mirc/mirc.js (deflated 67%)
 1:50.44   adding: bluegriffon/res/codemirror/mode/mllike/index.html (deflated 55%)
 1:50.45   adding: bluegriffon/res/codemirror/mode/mllike/mllike.js (deflated 72%)
 1:50.46   adding: bluegriffon/res/codemirror/mode/modelica/index.html (deflated 56%)
 1:50.46   adding: bluegriffon/res/codemirror/mode/modelica/modelica.js (deflated 69%)
 1:50.46   adding: bluegriffon/res/codemirror/mode/mumps/index.html (deflated 49%)
 1:50.46   adding: bluegriffon/res/codemirror/mode/mumps/mumps.js (deflated 63%)
 1:50.46   adding: bluegriffon/res/codemirror/mode/nginx/index.html (deflated 70%)
 1:50.46   adding: bluegriffon/res/codemirror/mode/nginx/nginx.js (deflated 67%)
 1:50.46   adding: bluegriffon/res/codemirror/mode/ntriples/index.html (deflated 56%)
 1:50.47   adding: bluegriffon/res/codemirror/mode/ntriples/ntriples.js (deflated 76%)
 1:50.47   adding: bluegriffon/res/codemirror/mode/octave/index.html (deflated 49%)
 1:50.47   adding: bluegriffon/res/codemirror/mode/octave/octave.js (deflated 65%)
 1:50.47   adding: bluegriffon/res/codemirror/mode/pascal/index.html (deflated 52%)
 1:50.49   adding: bluegriffon/res/codemirror/mode/pascal/pascal.js (deflated 62%)
 1:50.49   adding: bluegriffon/res/codemirror/mode/pegjs/index.html (deflated 55%)
 1:50.49   adding: bluegriffon/res/codemirror/mode/pegjs/pegjs.js (deflated 69%)
 1:50.49   adding: bluegriffon/res/codemirror/mode/perl/index.html (deflated 48%)
 1:50.50   adding: bluegriffon/res/codemirror/mode/perl/perl.js (deflated 85%)
 1:50.50   adding: bluegriffon/res/codemirror/mode/php/index.html (deflated 54%)
 1:50.50   adding: bluegriffon/res/codemirror/mode/php/php.js (deflated 67%)
 1:50.50   adding: bluegriffon/res/codemirror/mode/php/test.js (deflated 82%)
 1:50.50   adding: bluegriffon/res/codemirror/mode/pig/index.html (deflated 48%)
 1:50.50   adding: bluegriffon/res/codemirror/mode/pig/pig.js (deflated 61%)
 1:50.52   adding: bluegriffon/res/codemirror/mode/properties/index.html (deflated 51%)
 1:50.52   adding: bluegriffon/res/codemirror/mode/properties/properties.js (deflated 65%)
 1:50.52   adding: bluegriffon/res/codemirror/mode/puppet/index.html (deflated 62%)
 1:50.52   adding: bluegriffon/res/codemirror/mode/puppet/puppet.js (deflated 64%)
 1:50.81   adding: bluegriffon/res/codemirror/mode/python/index.html (deflated 57%)
 1:50.82   adding: bluegriffon/res/codemirror/mode/python/python.js (deflated 72%)
 1:50.84   adding: bluegriffon/res/codemirror/mode/q/index.html (deflated 63%)
 1:50.84   adding: bluegriffon/res/codemirror/mode/q/q.js (deflated 66%)
 1:50.85   adding: bluegriffon/res/codemirror/mode/r/index.html (deflated 55%)
 1:50.85   adding: bluegriffon/res/codemirror/mode/r/r.js (deflated 68%)
 1:50.85   adding: bluegriffon/res/codemirror/mode/rpm/changes/index.html (deflated 57%)
 1:50.86   adding: bluegriffon/res/codemirror/mode/rpm/index.html (deflated 60%)
 1:50.86   adding: bluegriffon/res/codemirror/mode/rpm/rpm.js (deflated 62%)
 1:50.87   adding: bluegriffon/res/codemirror/mode/rst/index.html (deflated 62%)
 1:50.88   adding: bluegriffon/res/codemirror/mode/rst/rst.js (deflated 83%)
 1:50.88   adding: bluegriffon/res/codemirror/mode/ruby/index.html (deflated 58%)
 1:50.88   adding: bluegriffon/res/codemirror/mode/ruby/ruby.js (deflated 71%)
 1:50.88   adding: bluegriffon/res/codemirror/mode/ruby/test.js (deflated 36%)
 1:50.90   adding: bluegriffon/res/codemirror/mode/rust/index.html (deflated 52%)
 1:50.90   adding: bluegriffon/res/codemirror/mode/rust/rust.js (deflated 76%)
 1:50.90   adding: bluegriffon/res/codemirror/mode/sass/index.html (deflated 52%)
 1:50.90   adding: bluegriffon/res/codemirror/mode/sass/sass.js (deflated 76%)
 1:50.90   adding: bluegriffon/res/codemirror/mode/scheme/index.html (deflated 62%)
 1:50.91   adding: bluegriffon/res/codemirror/mode/scheme/scheme.js (deflated 74%)
 1:50.91   adding: bluegriffon/res/codemirror/mode/shell/index.html (deflated 51%)
 1:50.91   adding: bluegriffon/res/codemirror/mode/shell/shell.js (deflated 63%)
 1:50.91   adding: bluegriffon/res/codemirror/mode/shell/test.js (deflated 62%)
 1:50.92   adding: bluegriffon/res/codemirror/mode/sieve/index.html (deflated 51%)
 1:50.92   adding: bluegriffon/res/codemirror/mode/sieve/sieve.js (deflated 67%)
 1:50.93   adding: bluegriffon/res/codemirror/mode/slim/index.html (deflated 59%)
 1:50.93   adding: bluegriffon/res/codemirror/mode/slim/slim.js (deflated 79%)
 1:50.95   adding: bluegriffon/res/codemirror/mode/slim/test.js (deflated 69%)
 1:50.95   adding: bluegriffon/res/codemirror/mode/smalltalk/index.html (deflated 54%)
 1:50.97   adding: bluegriffon/res/codemirror/mode/smalltalk/smalltalk.js (deflated 70%)
 1:50.97   adding: bluegriffon/res/codemirror/mode/smarty/index.html (deflated 60%)
 1:50.97   adding: bluegriffon/res/codemirror/mode/smarty/smarty.js (deflated 73%)
 1:50.97   adding: bluegriffon/res/codemirror/mode/solr/index.html (deflated 50%)
 1:50.99   adding: bluegriffon/res/codemirror/mode/solr/solr.js (deflated 66%)
 1:51.00   adding: bluegriffon/res/codemirror/mode/soy/index.html (deflated 57%)
 1:51.01   adding: bluegriffon/res/codemirror/mode/soy/soy.js (deflated 72%)
 1:51.01   adding: bluegriffon/res/codemirror/mode/sparql/index.html (deflated 52%)
 1:51.01   adding: bluegriffon/res/codemirror/mode/sparql/sparql.js (deflated 68%)
 1:51.01   adding: bluegriffon/res/codemirror/mode/spreadsheet/index.html (deflated 53%)
 1:51.02   adding: bluegriffon/res/codemirror/mode/spreadsheet/spreadsheet.js (deflated 69%)
 1:51.02   adding: bluegriffon/res/codemirror/mode/sql/index.html (deflated 59%)
 1:51.02   adding: bluegriffon/res/codemirror/mode/sql/sql.js (deflated 71%)
 1:51.04   adding: bluegriffon/res/codemirror/mode/stex/index.html (deflated 61%)
 1:51.04   adding: bluegriffon/res/codemirror/mode/stex/stex.js (deflated 73%)
 1:51.04   adding: bluegriffon/res/codemirror/mode/stex/test.js (deflated 68%)
 1:51.04   adding: bluegriffon/res/codemirror/mode/stylus/index.html (deflated 59%)
 1:51.05   adding: bluegriffon/res/codemirror/mode/stylus/stylus.js (deflated 75%)
 1:51.05   adding: bluegriffon/res/codemirror/mode/tcl/index.html (deflated 73%)
 1:51.08   adding: bluegriffon/res/codemirror/mode/tcl/tcl.js (deflated 65%)
 1:51.10   adding: bluegriffon/res/codemirror/mode/textile/index.html (deflated 55%)
 1:51.13   adding: bluegriffon/res/codemirror/mode/textile/test.js (deflated 74%)
 1:51.13   adding: bluegriffon/res/codemirror/mode/textile/textile.js (deflated 76%)
 1:51.13   adding: bluegriffon/res/codemirror/mode/tiddlywiki/index.html (deflated 57%)
 1:51.13   adding: bluegriffon/res/codemirror/mode/tiddlywiki/tiddlywiki.css (deflated 46%)
 1:51.13   adding: bluegriffon/res/codemirror/mode/tiddlywiki/tiddlywiki.js (deflated 72%)
 1:51.16   adding: bluegriffon/res/codemirror/mode/tiki/index.html (deflated 53%)
 1:51.16   adding: bluegriffon/res/codemirror/mode/tiki/tiki.css (deflated 43%)
 1:51.16   adding: bluegriffon/res/codemirror/mode/tiki/tiki.js (deflated 73%)
 1:51.16   adding: bluegriffon/res/codemirror/mode/toml/index.html (deflated 48%)
 1:51.18   adding: bluegriffon/res/codemirror/mode/toml/toml.js (deflated 67%)
 1:51.18   adding: bluegriffon/res/codemirror/mode/tornado/index.html (deflated 58%)
 1:51.18   adding: bluegriffon/res/codemirror/mode/tornado/tornado.js (deflated 61%)
 1:51.18   adding: bluegriffon/res/codemirror/mode/troff/index.html (deflated 55%)
 1:51.18   adding: bluegriffon/res/codemirror/mode/troff/troff.js (deflated 68%)
 1:51.19   adding: bluegriffon/res/codemirror/mode/turtle/index.html (deflated 52%)
 1:51.19   adding: bluegriffon/res/codemirror/mode/turtle/turtle.js (deflated 70%)
 1:51.19   adding: bluegriffon/res/codemirror/mode/vb/index.html (deflated 59%)
 1:51.19   adding: bluegriffon/res/codemirror/mode/vb/vb.js (deflated 73%)
 1:51.21   adding: bluegriffon/res/codemirror/mode/vbscript/index.html (deflated 49%)
 1:51.21   adding: bluegriffon/res/codemirror/mode/vbscript/vbscript.js (deflated 71%)
 1:51.21   adding: bluegriffon/res/codemirror/mode/velocity/index.html (deflated 54%)
 1:51.21   adding: bluegriffon/res/codemirror/mode/velocity/velocity.js (deflated 74%)
 1:51.21   adding: bluegriffon/res/codemirror/mode/verilog/index.html (deflated 56%)
 1:51.22   adding: bluegriffon/res/codemirror/mode/verilog/test.js (deflated 80%)
 1:51.22   adding: bluegriffon/res/codemirror/mode/verilog/verilog.js (deflated 72%)
 1:51.24   adding: bluegriffon/res/codemirror/mode/xml/index.html (deflated 53%)
 1:51.24   adding: bluegriffon/res/codemirror/mode/xml/test.js (deflated 69%)
 1:51.24   adding: bluegriffon/res/codemirror/mode/xml/xml.js (deflated 76%)
 1:51.24   adding: bluegriffon/res/codemirror/mode/xquery/index.html (deflated 66%)
 1:51.24   adding: bluegriffon/res/codemirror/mode/xquery/test.js (deflated 72%)
 1:51.25   adding: bluegriffon/res/codemirror/mode/xquery/xquery.js (deflated 72%)
 1:51.25   adding: bluegriffon/res/codemirror/mode/yaml/index.html (deflated 49%)
 1:51.25   adding: bluegriffon/res/codemirror/mode/yaml/yaml.js (deflated 66%)
 1:51.25   adding: bluegriffon/res/codemirror/mode/z80/index.html (deflated 51%)
 1:51.27   adding: bluegriffon/res/codemirror/mode/z80/z80.js (deflated 66%)
 1:51.27   adding: bluegriffon/res/codemirror/theme/3024-day.css (deflated 68%)
 1:51.27   adding: bluegriffon/res/codemirror/theme/3024-night.css (deflated 68%)
 1:51.27   adding: bluegriffon/res/codemirror/theme/ambiance-mobile.css (deflated 34%)
 1:51.28   adding: bluegriffon/res/codemirror/theme/ambiance.css (deflated 29%)
 1:51.28   adding: bluegriffon/res/codemirror/theme/base16-dark.css (deflated 69%)
 1:51.28   adding: bluegriffon/res/codemirror/theme/base16-light.css (deflated 69%)
 1:51.28   adding: bluegriffon/res/codemirror/theme/blackboard.css (deflated 73%)
 1:51.30   adding: bluegriffon/res/codemirror/theme/cobalt.css (deflated 71%)
 1:51.30   adding: bluegriffon/res/codemirror/theme/colorforth.css (deflated 72%)
 1:51.31   adding: bluegriffon/res/codemirror/theme/eclipse.css (deflated 70%)
 1:51.31   adding: bluegriffon/res/codemirror/theme/elegant.css (deflated 64%)
 1:51.31   adding: bluegriffon/res/codemirror/theme/erlang-dark.css (deflated 75%)
 1:51.31   adding: bluegriffon/res/codemirror/theme/lesser-dark.css (deflated 71%)
 1:51.31   adding: bluegriffon/res/codemirror/theme/liquibyte.css (deflated 77%)
 1:51.33   adding: bluegriffon/res/codemirror/theme/mbo.css (deflated 69%)
 1:51.36   adding: bluegriffon/res/codemirror/theme/mdn-like.css (deflated 40%)
 1:51.36   adding: bluegriffon/res/codemirror/theme/midnight.css (deflated 68%)
 1:51.36   adding: bluegriffon/res/codemirror/theme/monokai.css (deflated 69%)
 1:51.36   adding: bluegriffon/res/codemirror/theme/neat.css (deflated 63%)
 1:51.36   adding: bluegriffon/res/codemirror/theme/neo.css (deflated 57%)
 1:51.36   adding: bluegriffon/res/codemirror/theme/night.css (deflated 69%)
 1:51.37   adding: bluegriffon/res/codemirror/theme/paraiso-dark.css (deflated 68%)
 1:51.38   adding: bluegriffon/res/codemirror/theme/paraiso-light.css (deflated 69%)
 1:51.38   adding: bluegriffon/res/codemirror/theme/pastel-on-dark.css (deflated 70%)
 1:51.38   adding: bluegriffon/res/codemirror/theme/rubyblue.css (deflated 71%)
 1:51.38   adding: bluegriffon/res/codemirror/theme/solarized.css (deflated 74%)
 1:51.38   adding: bluegriffon/res/codemirror/theme/the-matrix.css (deflated 73%)
 1:51.38   adding: bluegriffon/res/codemirror/theme/tomorrow-night-bright.css (deflated 72%)
 1:51.38   adding: bluegriffon/res/codemirror/theme/tomorrow-night-eighties.css (deflated 72%)
 1:51.39   adding: bluegriffon/res/codemirror/theme/twilight.css (deflated 71%)
 1:51.39   adding: bluegriffon/res/codemirror/theme/vibrant-ink.css (deflated 70%)
 1:51.39   adding: bluegriffon/res/codemirror/theme/xq-dark.css (deflated 59%)
 1:51.39   adding: bluegriffon/res/codemirror/theme/xq-light.css (deflated 53%)
 1:51.39   adding: bluegriffon/res/codemirror/theme/zenburn.css (deflated 71%)
 1:51.40   adding: bluegriffon/res/codemirror/themes-list.js (deflated 54%)
 1:51.40   adding: bluegriffon/res/contenteditable.css (deflated 80%)
 1:51.40   adding: bluegriffon/res/csseditor.html (deflated 75%)
 1:51.40   adding: bluegriffon/res/designmode.css (deflated 27%)
 1:51.45   adding: bluegriffon/res/dtd/htmlmathml-f.ent (deflated 83%)
 1:51.45   adding: bluegriffon/res/EditorOverride.css (deflated 79%)
 1:51.47   adding: bluegriffon/res/entityTables/html40Latin1.properties (deflated 63%)
 1:51.47   adding: bluegriffon/res/entityTables/html40Special.properties (deflated 52%)
 1:51.47   adding: bluegriffon/res/entityTables/html40Symbols.properties (deflated 64%)
 1:51.47   adding: bluegriffon/res/entityTables/mathml20.properties (deflated 73%)
 1:51.48   adding: bluegriffon/res/fonts/mathfont.properties (deflated 87%)
 1:51.48   adding: bluegriffon/res/fonts/mathfontSTIXGeneral.properties (deflated 72%)
 1:51.50   adding: bluegriffon/res/fonts/mathfontUnicode.properties (deflated 63%)
 1:51.50   adding: bluegriffon/res/grabber.gif (deflated 88%)
 1:51.50   adding: bluegriffon/res/html/folder.png (stored 0%)
 1:51.50   adding: bluegriffon/res/html5.html (deflated 29%)
 1:51.51   adding: bluegriffon/res/html_strict.html (deflated 24%)
 1:51.51   adding: bluegriffon/res/html_transitional.html (deflated 25%)
 1:51.53   adding: bluegriffon/res/ImageDocument.css (deflated 40%)
 1:51.54   adding: bluegriffon/res/language.properties (deflated 85%)
 1:51.55   adding: bluegriffon/res/markdowneditor.html (deflated 75%)
 1:51.55   adding: bluegriffon/res/polyglot.xhtml (deflated 26%)
 1:51.55   adding: bluegriffon/res/reset-fonts-grids.css (deflated 74%)
 1:51.56   adding: bluegriffon/res/rotate_icon.png (stored 0%)
 1:51.56   adding: bluegriffon/res/rotatorCenterBG.png (deflated 5%)
 1:51.56   adding: bluegriffon/res/scripteditor.html (deflated 75%)
 1:51.56   adding: bluegriffon/res/svg.css (deflated 56%)
 1:51.56   adding: bluegriffon/res/table-add-column-after-active.gif (deflated 10%)
 1:51.57   adding: bluegriffon/res/table-add-column-after-hover.gif (deflated 91%)
 1:51.57   adding: bluegriffon/res/table-add-column-after.gif (deflated 92%)
 1:51.59   adding: bluegriffon/res/table-add-column-before-active.gif (deflated 11%)
 1:51.60   adding: bluegriffon/res/table-add-column-before-hover.gif (deflated 92%)
 1:51.60   adding: bluegriffon/res/table-add-column-before.gif (deflated 92%)
 1:51.60   adding: bluegriffon/res/table-add-row-after-active.gif (deflated 11%)
 1:51.62   adding: bluegriffon/res/table-add-row-after-hover.gif (deflated 92%)
 1:51.62   adding: bluegriffon/res/table-add-row-after.gif (deflated 92%)
 1:51.63   adding: bluegriffon/res/table-add-row-before-active.gif (deflated 11%)
 1:51.63   adding: bluegriffon/res/table-add-row-before-hover.gif (deflated 92%)
 1:51.63   adding: bluegriffon/res/table-add-row-before.gif (deflated 92%)
 1:51.65   adding: bluegriffon/res/table-remove-column-active.gif (deflated 90%)
 1:51.65   adding: bluegriffon/res/table-remove-column-hover.gif (deflated 90%)
 1:51.66   adding: bluegriffon/res/table-remove-column.gif (deflated 90%)
 1:51.70   adding: bluegriffon/res/table-remove-row-active.gif (deflated 90%)
 1:51.70   adding: bluegriffon/res/table-remove-row-hover.gif (deflated 90%)
 1:51.70   adding: bluegriffon/res/table-remove-row.gif (deflated 90%)
 1:51.71   adding: bluegriffon/res/TopLevelImageDocument.css (deflated 43%)
 1:51.71   adding: bluegriffon/res/TopLevelVideoDocument.css (deflated 40%)
 1:51.71   adding: bluegriffon/res/xhtml11.xhtml (deflated 30%)
 1:51.73   adding: bluegriffon/res/xhtml5.xhtml (deflated 19%)
 1:51.73   adding: bluegriffon/res/xhtml_strict.html (deflated 28%)
 1:51.73   adding: bluegriffon/res/xhtml_strict.xhtml (deflated 28%)
 1:51.73   adding: bluegriffon/res/xhtml_transitional.html (deflated 31%)
 1:51.74   adding: bluegriffon/res/xhtml_transitional.xhtml (deflated 32%)
 1:51.74   adding: bluegriffon/softokn3.chk (stored 0%)
 1:51.91   adding: bluegriffon/softokn3.dll (deflated 50%)
 2:02.62   adding: bluegriffon/xul.dll (deflated 59%)
 2:02.69 mingw32-make.EXE[3]: Leaving directory 'C:/Windows_software/bluegriffon/gecko-dev/opt64/bluegriffon/installer'
 2:02.81 mingw32-make.EXE[2]: Leaving directory 'C:/Windows_software/bluegriffon/gecko-dev/opt64/bluegriffon/installer'
 2:02.94 mingw32-make.EXE[1]: Leaving directory 'C:/Windows_software/bluegriffon/gecko-dev/opt64/bluegriffon/installer'
 2:02.96 mingw32-make.EXE: Leaving directory 'C:/Windows_software/bluegriffon/gecko-dev/opt64'
